[2022-07-03 16:21:14,887] {taskinstance.py:1159} INFO - Dependencies all met for <TaskInstance: my_bash_operator_dag.first_task scheduled__2022-02-12T00:00:00+00:00 [queued]>
[2022-07-03 16:21:14,897] {taskinstance.py:1159} INFO - Dependencies all met for <TaskInstance: my_bash_operator_dag.first_task scheduled__2022-02-12T00:00:00+00:00 [queued]>
[2022-07-03 16:21:14,897] {taskinstance.py:1356} INFO - 
--------------------------------------------------------------------------------
[2022-07-03 16:21:14,897] {taskinstance.py:1357} INFO - Starting attempt 1 of 1
[2022-07-03 16:21:14,897] {taskinstance.py:1358} INFO - 
--------------------------------------------------------------------------------
[2022-07-03 16:21:14,912] {taskinstance.py:1377} INFO - Executing <Task(BashOperator): first_task> on 2022-02-12 00:00:00+00:00
[2022-07-03 16:21:14,914] {standard_task_runner.py:52} INFO - Started process 1879 to run task
[2022-07-03 16:21:14,916] {standard_task_runner.py:79} INFO - Running: ['***', 'tasks', 'run', 'my_bash_operator_dag', 'first_task', 'scheduled__2022-02-12T00:00:00+00:00', '--job-id', '53', '--raw', '--subdir', 'DAGS_FOLDER/my_bash_operator_dag.py', '--cfg-path', '/tmp/tmpf8azwhs7', '--error-file', '/tmp/tmp213bm6du']
[2022-07-03 16:21:14,917] {standard_task_runner.py:80} INFO - Job 53: Subtask first_task
[2022-07-03 16:21:14,960] {task_command.py:370} INFO - Running <TaskInstance: my_bash_operator_dag.first_task scheduled__2022-02-12T00:00:00+00:00 [running]> on host a84f4c234c47
[2022-07-03 16:21:15,040] {taskinstance.py:1571} INFO - Exporting the following env vars:
AIRFLOW_CTX_DAG_OWNER=***
AIRFLOW_CTX_DAG_ID=my_bash_operator_dag
AIRFLOW_CTX_TASK_ID=first_task
AIRFLOW_CTX_EXECUTION_DATE=2022-02-12T00:00:00+00:00
AIRFLOW_CTX_TRY_NUMBER=1
AIRFLOW_CTX_DAG_RUN_ID=scheduled__2022-02-12T00:00:00+00:00
[2022-07-03 16:21:15,041] {subprocess.py:62} INFO - Tmp dir root location: 
 /tmp
[2022-07-03 16:21:15,041] {subprocess.py:74} INFO - Running command: ['bash', '-c', 'echo hello world, this is a first task']
[2022-07-03 16:21:15,052] {subprocess.py:85} INFO - Output:
[2022-07-03 16:21:15,054] {subprocess.py:92} INFO - hello world, this is a first task
[2022-07-03 16:21:15,054] {subprocess.py:96} INFO - Command exited with return code 0
[2022-07-03 16:21:15,084] {taskinstance.py:1400} INFO - Marking task as SUCCESS. dag_id=my_bash_operator_dag, task_id=first_task, execution_date=20220212T000000, start_date=20220703T162114, end_date=20220703T162115
[2022-07-03 16:21:15,128] {local_task_job.py:156} INFO - Task exited with return code 0
[2022-07-03 16:21:15,156] {local_task_job.py:273} INFO - 0 downstream tasks scheduled from follow-on schedule check
