[2022-07-04 18:18:46,187] {taskinstance.py:1159} INFO - Dependencies all met for <TaskInstance: my_python_operator.pull_after_push_xcoms manual__2022-07-04T18:18:42.552289+00:00 [queued]>
[2022-07-04 18:18:46,201] {taskinstance.py:1159} INFO - Dependencies all met for <TaskInstance: my_python_operator.pull_after_push_xcoms manual__2022-07-04T18:18:42.552289+00:00 [queued]>
[2022-07-04 18:18:46,201] {taskinstance.py:1356} INFO - 
--------------------------------------------------------------------------------
[2022-07-04 18:18:46,201] {taskinstance.py:1357} INFO - Starting attempt 1 of 6
[2022-07-04 18:18:46,201] {taskinstance.py:1358} INFO - 
--------------------------------------------------------------------------------
[2022-07-04 18:18:46,222] {taskinstance.py:1377} INFO - Executing <Task(PythonOperator): pull_after_push_xcoms> on 2022-07-04 18:18:42.552289+00:00
[2022-07-04 18:18:46,225] {standard_task_runner.py:52} INFO - Started process 8021 to run task
[2022-07-04 18:18:46,227] {standard_task_runner.py:79} INFO - Running: ['***', 'tasks', 'run', 'my_python_operator', 'pull_after_push_xcoms', 'manual__2022-07-04T18:18:42.552289+00:00', '--job-id', '428', '--raw', '--subdir', 'DAGS_FOLDER/my_python_operator_dag.py', '--cfg-path', '/tmp/tmppq4sf59r', '--error-file', '/tmp/tmpe0tirwc5']
[2022-07-04 18:18:46,228] {standard_task_runner.py:80} INFO - Job 428: Subtask pull_after_push_xcoms
[2022-07-04 18:18:46,281] {task_command.py:370} INFO - Running <TaskInstance: my_python_operator.pull_after_push_xcoms manual__2022-07-04T18:18:42.552289+00:00 [running]> on host a84f4c234c47
[2022-07-04 18:18:46,369] {taskinstance.py:1571} INFO - Exporting the following env vars:
AIRFLOW_CTX_DAG_OWNER=giang
AIRFLOW_CTX_DAG_ID=my_python_operator
AIRFLOW_CTX_TASK_ID=pull_after_push_xcoms
AIRFLOW_CTX_EXECUTION_DATE=2022-07-04T18:18:42.552289+00:00
AIRFLOW_CTX_TRY_NUMBER=1
AIRFLOW_CTX_DAG_RUN_ID=manual__2022-07-04T18:18:42.552289+00:00
[2022-07-04 18:18:46,391] {python.py:173} INFO - Done. Returned value was: 
        First Name: nguyen
        Middle Name: truong
        Last Name: giang
    
[2022-07-04 18:18:46,421] {taskinstance.py:1400} INFO - Marking task as SUCCESS. dag_id=my_python_operator, task_id=pull_after_push_xcoms, execution_date=20220704T181842, start_date=20220704T181846, end_date=20220704T181846
[2022-07-04 18:18:46,439] {local_task_job.py:156} INFO - Task exited with return code 0
[2022-07-04 18:18:46,462] {local_task_job.py:273} INFO - 0 downstream tasks scheduled from follow-on schedule check
