[2022-07-04 17:06:45,915] {taskinstance.py:1159} INFO - Dependencies all met for <TaskInstance: my_python_operator.middle_task manual__2022-07-04T17:06:44.399289+00:00 [queued]>
[2022-07-04 17:06:45,922] {taskinstance.py:1159} INFO - Dependencies all met for <TaskInstance: my_python_operator.middle_task manual__2022-07-04T17:06:44.399289+00:00 [queued]>
[2022-07-04 17:06:45,922] {taskinstance.py:1356} INFO - 
--------------------------------------------------------------------------------
[2022-07-04 17:06:45,922] {taskinstance.py:1357} INFO - Starting attempt 1 of 6
[2022-07-04 17:06:45,922] {taskinstance.py:1358} INFO - 
--------------------------------------------------------------------------------
[2022-07-04 17:06:45,940] {taskinstance.py:1377} INFO - Executing <Task(PythonOperator): middle_task> on 2022-07-04 17:06:44.399289+00:00
[2022-07-04 17:06:45,942] {standard_task_runner.py:52} INFO - Started process 2879 to run task
[2022-07-04 17:06:45,943] {standard_task_runner.py:79} INFO - Running: ['***', 'tasks', 'run', 'my_python_operator', 'middle_task', 'manual__2022-07-04T17:06:44.399289+00:00', '--job-id', '392', '--raw', '--subdir', 'DAGS_FOLDER/my_python_operator_dag.py', '--cfg-path', '/tmp/tmpqv1ibv9o', '--error-file', '/tmp/tmpaak5d1u7']
[2022-07-04 17:06:45,944] {standard_task_runner.py:80} INFO - Job 392: Subtask middle_task
[2022-07-04 17:06:45,986] {task_command.py:370} INFO - Running <TaskInstance: my_python_operator.middle_task manual__2022-07-04T17:06:44.399289+00:00 [running]> on host a84f4c234c47
[2022-07-04 17:06:46,043] {taskinstance.py:1571} INFO - Exporting the following env vars:
AIRFLOW_CTX_DAG_OWNER=giang
AIRFLOW_CTX_DAG_ID=my_python_operator
AIRFLOW_CTX_TASK_ID=middle_task
AIRFLOW_CTX_EXECUTION_DATE=2022-07-04T17:06:44.399289+00:00
AIRFLOW_CTX_TRY_NUMBER=1
AIRFLOW_CTX_DAG_RUN_ID=manual__2022-07-04T17:06:44.399289+00:00
[2022-07-04 17:06:46,044] {logging_mixin.py:115} INFO - giang executed at <built-in method today of type object at 0x7f003dd9ada0>
[2022-07-04 17:06:46,044] {python.py:173} INFO - Done. Returned value was: None
[2022-07-04 17:06:46,052] {taskinstance.py:1400} INFO - Marking task as SUCCESS. dag_id=my_python_operator, task_id=middle_task, execution_date=20220704T170644, start_date=20220704T170645, end_date=20220704T170646
[2022-07-04 17:06:46,075] {local_task_job.py:156} INFO - Task exited with return code 0
[2022-07-04 17:06:46,099] {local_task_job.py:273} INFO - 0 downstream tasks scheduled from follow-on schedule check
