[2022-07-03 15:53:29,455] {taskinstance.py:1159} INFO - Dependencies all met for <TaskInstance: example_bash_operator.runme_2 manual__2022-07-03T15:53:28.950419+00:00 [queued]>
[2022-07-03 15:53:29,464] {taskinstance.py:1159} INFO - Dependencies all met for <TaskInstance: example_bash_operator.runme_2 manual__2022-07-03T15:53:28.950419+00:00 [queued]>
[2022-07-03 15:53:29,465] {taskinstance.py:1356} INFO - 
--------------------------------------------------------------------------------
[2022-07-03 15:53:29,465] {taskinstance.py:1357} INFO - Starting attempt 1 of 1
[2022-07-03 15:53:29,465] {taskinstance.py:1358} INFO - 
--------------------------------------------------------------------------------
[2022-07-03 15:53:29,483] {taskinstance.py:1377} INFO - Executing <Task(BashOperator): runme_2> on 2022-07-03 15:53:28.950419+00:00
[2022-07-03 15:53:29,487] {standard_task_runner.py:52} INFO - Started process 959 to run task
[2022-07-03 15:53:29,490] {standard_task_runner.py:79} INFO - Running: ['***', 'tasks', 'run', 'example_bash_operator', 'runme_2', 'manual__2022-07-03T15:53:28.950419+00:00', '--job-id', '10', '--raw', '--subdir', '/home/***/.local/lib/python3.7/site-packages/***/example_dags/example_bash_operator.py', '--cfg-path', '/tmp/tmplhsb32gv', '--error-file', '/tmp/tmpzr89ggft']
[2022-07-03 15:53:29,491] {standard_task_runner.py:80} INFO - Job 10: Subtask runme_2
[2022-07-03 15:53:29,545] {task_command.py:370} INFO - Running <TaskInstance: example_bash_operator.runme_2 manual__2022-07-03T15:53:28.950419+00:00 [running]> on host 38efcbb4a972
[2022-07-03 15:53:29,759] {taskinstance.py:1571} INFO - Exporting the following env vars:
AIRFLOW_CTX_DAG_OWNER=***
AIRFLOW_CTX_DAG_ID=example_bash_operator
AIRFLOW_CTX_TASK_ID=runme_2
AIRFLOW_CTX_EXECUTION_DATE=2022-07-03T15:53:28.950419+00:00
AIRFLOW_CTX_TRY_NUMBER=1
AIRFLOW_CTX_DAG_RUN_ID=manual__2022-07-03T15:53:28.950419+00:00
[2022-07-03 15:53:29,760] {subprocess.py:62} INFO - Tmp dir root location: 
 /tmp
[2022-07-03 15:53:29,760] {subprocess.py:74} INFO - Running command: ['bash', '-c', 'echo "example_bash_operator__runme_2__20220703" && sleep 1']
[2022-07-03 15:53:29,770] {subprocess.py:85} INFO - Output:
[2022-07-03 15:53:29,771] {subprocess.py:92} INFO - example_bash_operator__runme_2__20220703
[2022-07-03 15:53:30,773] {subprocess.py:96} INFO - Command exited with return code 0
[2022-07-03 15:53:30,801] {taskinstance.py:1400} INFO - Marking task as SUCCESS. dag_id=example_bash_operator, task_id=runme_2, execution_date=20220703T155328, start_date=20220703T155329, end_date=20220703T155330
[2022-07-03 15:53:30,823] {local_task_job.py:156} INFO - Task exited with return code 0
[2022-07-03 15:53:30,860] {local_task_job.py:273} INFO - 0 downstream tasks scheduled from follow-on schedule check
