[2022-07-04 17:03:26,919] {taskinstance.py:1159} INFO - Dependencies all met for <TaskInstance: my_python_operator.middle_task manual__2022-07-04T17:03:24.632231+00:00 [queued]>
[2022-07-04 17:03:26,924] {taskinstance.py:1159} INFO - Dependencies all met for <TaskInstance: my_python_operator.middle_task manual__2022-07-04T17:03:24.632231+00:00 [queued]>
[2022-07-04 17:03:26,925] {taskinstance.py:1356} INFO - 
--------------------------------------------------------------------------------
[2022-07-04 17:03:26,925] {taskinstance.py:1357} INFO - Starting attempt 1 of 6
[2022-07-04 17:03:26,925] {taskinstance.py:1358} INFO - 
--------------------------------------------------------------------------------
[2022-07-04 17:03:26,936] {taskinstance.py:1377} INFO - Executing <Task(PythonOperator): middle_task> on 2022-07-04 17:03:24.632231+00:00
[2022-07-04 17:03:26,938] {standard_task_runner.py:52} INFO - Started process 2616 to run task
[2022-07-04 17:03:26,939] {standard_task_runner.py:79} INFO - Running: ['***', 'tasks', 'run', 'my_python_operator', 'middle_task', 'manual__2022-07-04T17:03:24.632231+00:00', '--job-id', '386', '--raw', '--subdir', 'DAGS_FOLDER/my_python_operator_dag.py', '--cfg-path', '/tmp/tmpy1uh4s64', '--error-file', '/tmp/tmpfdwzsqy4']
[2022-07-04 17:03:26,940] {standard_task_runner.py:80} INFO - Job 386: Subtask middle_task
[2022-07-04 17:03:26,975] {task_command.py:370} INFO - Running <TaskInstance: my_python_operator.middle_task manual__2022-07-04T17:03:24.632231+00:00 [running]> on host a84f4c234c47
[2022-07-04 17:03:27,025] {taskinstance.py:1571} INFO - Exporting the following env vars:
AIRFLOW_CTX_DAG_OWNER=giang
AIRFLOW_CTX_DAG_ID=my_python_operator
AIRFLOW_CTX_TASK_ID=middle_task
AIRFLOW_CTX_EXECUTION_DATE=2022-07-04T17:03:24.632231+00:00
AIRFLOW_CTX_TRY_NUMBER=1
AIRFLOW_CTX_DAG_RUN_ID=manual__2022-07-04T17:03:24.632231+00:00
[2022-07-04 17:03:27,026] {logging_mixin.py:115} INFO - {name} executed at {date}
[2022-07-04 17:03:27,026] {python.py:173} INFO - Done. Returned value was: None
[2022-07-04 17:03:27,034] {taskinstance.py:1400} INFO - Marking task as SUCCESS. dag_id=my_python_operator, task_id=middle_task, execution_date=20220704T170324, start_date=20220704T170326, end_date=20220704T170327
[2022-07-04 17:03:27,071] {local_task_job.py:156} INFO - Task exited with return code 0
[2022-07-04 17:03:27,158] {local_task_job.py:273} INFO - 0 downstream tasks scheduled from follow-on schedule check
