[2022-07-03 16:22:05,365] {taskinstance.py:1159} INFO - Dependencies all met for <TaskInstance: my_bash_operator_dag.first_task scheduled__2022-06-18T00:00:00+00:00 [queued]>
[2022-07-03 16:22:05,372] {taskinstance.py:1159} INFO - Dependencies all met for <TaskInstance: my_bash_operator_dag.first_task scheduled__2022-06-18T00:00:00+00:00 [queued]>
[2022-07-03 16:22:05,372] {taskinstance.py:1356} INFO - 
--------------------------------------------------------------------------------
[2022-07-03 16:22:05,372] {taskinstance.py:1357} INFO - Starting attempt 1 of 1
[2022-07-03 16:22:05,372] {taskinstance.py:1358} INFO - 
--------------------------------------------------------------------------------
[2022-07-03 16:22:05,386] {taskinstance.py:1377} INFO - Executing <Task(BashOperator): first_task> on 2022-06-18 00:00:00+00:00
[2022-07-03 16:22:05,389] {standard_task_runner.py:52} INFO - Started process 2312 to run task
[2022-07-03 16:22:05,392] {standard_task_runner.py:79} INFO - Running: ['***', 'tasks', 'run', 'my_bash_operator_dag', 'first_task', 'scheduled__2022-06-18T00:00:00+00:00', '--job-id', '179', '--raw', '--subdir', 'DAGS_FOLDER/my_bash_operator_dag.py', '--cfg-path', '/tmp/tmpdxrcp5mp', '--error-file', '/tmp/tmp06nx8ug_']
[2022-07-03 16:22:05,392] {standard_task_runner.py:80} INFO - Job 179: Subtask first_task
[2022-07-03 16:22:05,430] {task_command.py:370} INFO - Running <TaskInstance: my_bash_operator_dag.first_task scheduled__2022-06-18T00:00:00+00:00 [running]> on host a84f4c234c47
[2022-07-03 16:22:05,515] {taskinstance.py:1571} INFO - Exporting the following env vars:
AIRFLOW_CTX_DAG_OWNER=***
AIRFLOW_CTX_DAG_ID=my_bash_operator_dag
AIRFLOW_CTX_TASK_ID=first_task
AIRFLOW_CTX_EXECUTION_DATE=2022-06-18T00:00:00+00:00
AIRFLOW_CTX_TRY_NUMBER=1
AIRFLOW_CTX_DAG_RUN_ID=scheduled__2022-06-18T00:00:00+00:00
[2022-07-03 16:22:05,516] {subprocess.py:62} INFO - Tmp dir root location: 
 /tmp
[2022-07-03 16:22:05,516] {subprocess.py:74} INFO - Running command: ['bash', '-c', 'echo hello world, this is a first task']
[2022-07-03 16:22:05,525] {subprocess.py:85} INFO - Output:
[2022-07-03 16:22:05,526] {subprocess.py:92} INFO - hello world, this is a first task
[2022-07-03 16:22:05,526] {subprocess.py:96} INFO - Command exited with return code 0
[2022-07-03 16:22:05,554] {taskinstance.py:1400} INFO - Marking task as SUCCESS. dag_id=my_bash_operator_dag, task_id=first_task, execution_date=20220618T000000, start_date=20220703T162205, end_date=20220703T162205
[2022-07-03 16:22:05,603] {local_task_job.py:156} INFO - Task exited with return code 0
[2022-07-03 16:22:05,638] {local_task_job.py:273} INFO - 0 downstream tasks scheduled from follow-on schedule check
