[2022-07-03 16:24:54,713] {taskinstance.py:1159} INFO - Dependencies all met for <TaskInstance: my_bash_operator_dag.second_task manual__2022-07-03T16:24:53.183257+00:00 [queued]>
[2022-07-03 16:24:54,719] {taskinstance.py:1159} INFO - Dependencies all met for <TaskInstance: my_bash_operator_dag.second_task manual__2022-07-03T16:24:53.183257+00:00 [queued]>
[2022-07-03 16:24:54,719] {taskinstance.py:1356} INFO - 
--------------------------------------------------------------------------------
[2022-07-03 16:24:54,719] {taskinstance.py:1357} INFO - Starting attempt 1 of 1
[2022-07-03 16:24:54,719] {taskinstance.py:1358} INFO - 
--------------------------------------------------------------------------------
[2022-07-03 16:24:54,731] {taskinstance.py:1377} INFO - Executing <Task(BashOperator): second_task> on 2022-07-03 16:24:53.183257+00:00
[2022-07-03 16:24:54,736] {standard_task_runner.py:52} INFO - Started process 2545 to run task
[2022-07-03 16:24:54,740] {standard_task_runner.py:79} INFO - Running: ['***', 'tasks', 'run', 'my_bash_operator_dag', 'second_task', 'manual__2022-07-03T16:24:53.183257+00:00', '--job-id', '197', '--raw', '--subdir', 'DAGS_FOLDER/my_bash_operator_dag.py', '--cfg-path', '/tmp/tmpyvduhkg7', '--error-file', '/tmp/tmphe394v6h']
[2022-07-03 16:24:54,741] {standard_task_runner.py:80} INFO - Job 197: Subtask second_task
[2022-07-03 16:24:54,794] {task_command.py:370} INFO - Running <TaskInstance: my_bash_operator_dag.second_task manual__2022-07-03T16:24:53.183257+00:00 [running]> on host a84f4c234c47
[2022-07-03 16:24:54,872] {taskinstance.py:1571} INFO - Exporting the following env vars:
AIRFLOW_CTX_DAG_OWNER=***
AIRFLOW_CTX_DAG_ID=my_bash_operator_dag
AIRFLOW_CTX_TASK_ID=second_task
AIRFLOW_CTX_EXECUTION_DATE=2022-07-03T16:24:53.183257+00:00
AIRFLOW_CTX_TRY_NUMBER=1
AIRFLOW_CTX_DAG_RUN_ID=manual__2022-07-03T16:24:53.183257+00:00
[2022-07-03 16:24:54,873] {subprocess.py:62} INFO - Tmp dir root location: 
 /tmp
[2022-07-03 16:24:54,873] {subprocess.py:74} INFO - Running command: ['bash', '-c', 'echo this is a second task']
[2022-07-03 16:24:54,881] {subprocess.py:85} INFO - Output:
[2022-07-03 16:24:54,882] {subprocess.py:92} INFO - this is a second task
[2022-07-03 16:24:54,882] {subprocess.py:96} INFO - Command exited with return code 0
[2022-07-03 16:24:54,920] {taskinstance.py:1400} INFO - Marking task as SUCCESS. dag_id=my_bash_operator_dag, task_id=second_task, execution_date=20220703T162453, start_date=20220703T162454, end_date=20220703T162454
[2022-07-03 16:24:54,951] {local_task_job.py:156} INFO - Task exited with return code 0
[2022-07-03 16:24:54,976] {local_task_job.py:273} INFO - 0 downstream tasks scheduled from follow-on schedule check
