[2022-07-03 16:21:14,739] {taskinstance.py:1159} INFO - Dependencies all met for <TaskInstance: my_bash_operator_dag.first_task scheduled__2022-02-10T00:00:00+00:00 [queued]>
[2022-07-03 16:21:14,745] {taskinstance.py:1159} INFO - Dependencies all met for <TaskInstance: my_bash_operator_dag.first_task scheduled__2022-02-10T00:00:00+00:00 [queued]>
[2022-07-03 16:21:14,745] {taskinstance.py:1356} INFO - 
--------------------------------------------------------------------------------
[2022-07-03 16:21:14,745] {taskinstance.py:1357} INFO - Starting attempt 1 of 1
[2022-07-03 16:21:14,745] {taskinstance.py:1358} INFO - 
--------------------------------------------------------------------------------
[2022-07-03 16:21:14,759] {taskinstance.py:1377} INFO - Executing <Task(BashOperator): first_task> on 2022-02-10 00:00:00+00:00
[2022-07-03 16:21:14,762] {standard_task_runner.py:52} INFO - Started process 1874 to run task
[2022-07-03 16:21:14,763] {standard_task_runner.py:79} INFO - Running: ['***', 'tasks', 'run', 'my_bash_operator_dag', 'first_task', 'scheduled__2022-02-10T00:00:00+00:00', '--job-id', '51', '--raw', '--subdir', 'DAGS_FOLDER/my_bash_operator_dag.py', '--cfg-path', '/tmp/tmp8o3c1iid', '--error-file', '/tmp/tmp9714au70']
[2022-07-03 16:21:14,764] {standard_task_runner.py:80} INFO - Job 51: Subtask first_task
[2022-07-03 16:21:14,811] {task_command.py:370} INFO - Running <TaskInstance: my_bash_operator_dag.first_task scheduled__2022-02-10T00:00:00+00:00 [running]> on host a84f4c234c47
[2022-07-03 16:21:14,883] {taskinstance.py:1571} INFO - Exporting the following env vars:
AIRFLOW_CTX_DAG_OWNER=***
AIRFLOW_CTX_DAG_ID=my_bash_operator_dag
AIRFLOW_CTX_TASK_ID=first_task
AIRFLOW_CTX_EXECUTION_DATE=2022-02-10T00:00:00+00:00
AIRFLOW_CTX_TRY_NUMBER=1
AIRFLOW_CTX_DAG_RUN_ID=scheduled__2022-02-10T00:00:00+00:00
[2022-07-03 16:21:14,883] {subprocess.py:62} INFO - Tmp dir root location: 
 /tmp
[2022-07-03 16:21:14,883] {subprocess.py:74} INFO - Running command: ['bash', '-c', 'echo hello world, this is a first task']
[2022-07-03 16:21:14,890] {subprocess.py:85} INFO - Output:
[2022-07-03 16:21:14,891] {subprocess.py:92} INFO - hello world, this is a first task
[2022-07-03 16:21:14,891] {subprocess.py:96} INFO - Command exited with return code 0
[2022-07-03 16:21:14,918] {taskinstance.py:1400} INFO - Marking task as SUCCESS. dag_id=my_bash_operator_dag, task_id=first_task, execution_date=20220210T000000, start_date=20220703T162114, end_date=20220703T162114
[2022-07-03 16:21:14,975] {local_task_job.py:156} INFO - Task exited with return code 0
[2022-07-03 16:21:15,008] {local_task_job.py:273} INFO - 0 downstream tasks scheduled from follow-on schedule check
