[2022-07-04 18:22:07,822] {taskinstance.py:1159} INFO - Dependencies all met for <TaskInstance: my_python_operator.push_xcoms manual__2022-07-04T18:17:03.589379+00:00 [queued]>
[2022-07-04 18:22:07,840] {taskinstance.py:1159} INFO - Dependencies all met for <TaskInstance: my_python_operator.push_xcoms manual__2022-07-04T18:17:03.589379+00:00 [queued]>
[2022-07-04 18:22:07,840] {taskinstance.py:1356} INFO - 
--------------------------------------------------------------------------------
[2022-07-04 18:22:07,841] {taskinstance.py:1357} INFO - Starting attempt 2 of 6
[2022-07-04 18:22:07,841] {taskinstance.py:1358} INFO - 
--------------------------------------------------------------------------------
[2022-07-04 18:22:07,860] {taskinstance.py:1377} INFO - Executing <Task(PythonOperator): push_xcoms> on 2022-07-04 18:17:03.589379+00:00
[2022-07-04 18:22:07,863] {standard_task_runner.py:52} INFO - Started process 8257 to run task
[2022-07-04 18:22:07,866] {standard_task_runner.py:79} INFO - Running: ['***', 'tasks', 'run', 'my_python_operator', 'push_xcoms', 'manual__2022-07-04T18:17:03.589379+00:00', '--job-id', '429', '--raw', '--subdir', 'DAGS_FOLDER/my_python_operator_dag.py', '--cfg-path', '/tmp/tmpucm40m5d', '--error-file', '/tmp/tmpl66oiqwz']
[2022-07-04 18:22:07,867] {standard_task_runner.py:80} INFO - Job 429: Subtask push_xcoms
[2022-07-04 18:22:07,905] {task_command.py:370} INFO - Running <TaskInstance: my_python_operator.push_xcoms manual__2022-07-04T18:17:03.589379+00:00 [running]> on host a84f4c234c47
[2022-07-04 18:22:07,965] {taskinstance.py:1571} INFO - Exporting the following env vars:
AIRFLOW_CTX_DAG_OWNER=giang
AIRFLOW_CTX_DAG_ID=my_python_operator
AIRFLOW_CTX_TASK_ID=push_xcoms
AIRFLOW_CTX_EXECUTION_DATE=2022-07-04T18:17:03.589379+00:00
AIRFLOW_CTX_TRY_NUMBER=2
AIRFLOW_CTX_DAG_RUN_ID=manual__2022-07-04T18:17:03.589379+00:00
[2022-07-04 18:22:07,998] {python.py:173} INFO - Done. Returned value was: None
[2022-07-04 18:22:08,009] {taskinstance.py:1400} INFO - Marking task as SUCCESS. dag_id=my_python_operator, task_id=push_xcoms, execution_date=20220704T181703, start_date=20220704T182207, end_date=20220704T182208
[2022-07-04 18:22:08,037] {local_task_job.py:156} INFO - Task exited with return code 0
[2022-07-04 18:22:08,064] {local_task_job.py:273} INFO - 0 downstream tasks scheduled from follow-on schedule check
