[2022-07-04 18:18:46,139] {taskinstance.py:1159} INFO - Dependencies all met for <TaskInstance: my_python_operator.push_xcoms manual__2022-07-04T18:18:42.552289+00:00 [queued]>
[2022-07-04 18:18:46,153] {taskinstance.py:1159} INFO - Dependencies all met for <TaskInstance: my_python_operator.push_xcoms manual__2022-07-04T18:18:42.552289+00:00 [queued]>
[2022-07-04 18:18:46,154] {taskinstance.py:1356} INFO - 
--------------------------------------------------------------------------------
[2022-07-04 18:18:46,154] {taskinstance.py:1357} INFO - Starting attempt 1 of 6
[2022-07-04 18:18:46,154] {taskinstance.py:1358} INFO - 
--------------------------------------------------------------------------------
[2022-07-04 18:18:46,175] {taskinstance.py:1377} INFO - Executing <Task(PythonOperator): push_xcoms> on 2022-07-04 18:18:42.552289+00:00
[2022-07-04 18:18:46,179] {standard_task_runner.py:52} INFO - Started process 8020 to run task
[2022-07-04 18:18:46,181] {standard_task_runner.py:79} INFO - Running: ['***', 'tasks', 'run', 'my_python_operator', 'push_xcoms', 'manual__2022-07-04T18:18:42.552289+00:00', '--job-id', '427', '--raw', '--subdir', 'DAGS_FOLDER/my_python_operator_dag.py', '--cfg-path', '/tmp/tmpqayit3xi', '--error-file', '/tmp/tmp1rxoikoj']
[2022-07-04 18:18:46,181] {standard_task_runner.py:80} INFO - Job 427: Subtask push_xcoms
[2022-07-04 18:18:46,236] {task_command.py:370} INFO - Running <TaskInstance: my_python_operator.push_xcoms manual__2022-07-04T18:18:42.552289+00:00 [running]> on host a84f4c234c47
[2022-07-04 18:18:46,307] {taskinstance.py:1571} INFO - Exporting the following env vars:
AIRFLOW_CTX_DAG_OWNER=giang
AIRFLOW_CTX_DAG_ID=my_python_operator
AIRFLOW_CTX_TASK_ID=push_xcoms
AIRFLOW_CTX_EXECUTION_DATE=2022-07-04T18:18:42.552289+00:00
AIRFLOW_CTX_TRY_NUMBER=1
AIRFLOW_CTX_DAG_RUN_ID=manual__2022-07-04T18:18:42.552289+00:00
[2022-07-04 18:18:46,337] {python.py:173} INFO - Done. Returned value was: None
[2022-07-04 18:18:46,348] {taskinstance.py:1400} INFO - Marking task as SUCCESS. dag_id=my_python_operator, task_id=push_xcoms, execution_date=20220704T181842, start_date=20220704T181846, end_date=20220704T181846
[2022-07-04 18:18:46,393] {local_task_job.py:156} INFO - Task exited with return code 0
[2022-07-04 18:18:46,420] {local_task_job.py:273} INFO - 0 downstream tasks scheduled from follow-on schedule check
