[2022-07-03 16:26:49,208] {taskinstance.py:1159} INFO - Dependencies all met for <TaskInstance: my_bash_operator_dag.third_task manual__2022-07-03T16:26:47.487462+00:00 [queued]>
[2022-07-03 16:26:49,215] {taskinstance.py:1159} INFO - Dependencies all met for <TaskInstance: my_bash_operator_dag.third_task manual__2022-07-03T16:26:47.487462+00:00 [queued]>
[2022-07-03 16:26:49,215] {taskinstance.py:1356} INFO - 
--------------------------------------------------------------------------------
[2022-07-03 16:26:49,215] {taskinstance.py:1357} INFO - Starting attempt 1 of 1
[2022-07-03 16:26:49,215] {taskinstance.py:1358} INFO - 
--------------------------------------------------------------------------------
[2022-07-03 16:26:49,227] {taskinstance.py:1377} INFO - Executing <Task(BashOperator): third_task> on 2022-07-03 16:26:47.487462+00:00
[2022-07-03 16:26:49,230] {standard_task_runner.py:52} INFO - Started process 2672 to run task
[2022-07-03 16:26:49,231] {standard_task_runner.py:79} INFO - Running: ['***', 'tasks', 'run', 'my_bash_operator_dag', 'third_task', 'manual__2022-07-03T16:26:47.487462+00:00', '--job-id', '199', '--raw', '--subdir', 'DAGS_FOLDER/my_bash_operator_dag.py', '--cfg-path', '/tmp/tmpbhz3di47', '--error-file', '/tmp/tmpe8du0xvi']
[2022-07-03 16:26:49,232] {standard_task_runner.py:80} INFO - Job 199: Subtask third_task
[2022-07-03 16:26:49,270] {task_command.py:370} INFO - Running <TaskInstance: my_bash_operator_dag.third_task manual__2022-07-03T16:26:47.487462+00:00 [running]> on host a84f4c234c47
[2022-07-03 16:26:49,330] {taskinstance.py:1571} INFO - Exporting the following env vars:
AIRFLOW_CTX_DAG_OWNER=***
AIRFLOW_CTX_DAG_ID=my_bash_operator_dag
AIRFLOW_CTX_TASK_ID=third_task
AIRFLOW_CTX_EXECUTION_DATE=2022-07-03T16:26:47.487462+00:00
AIRFLOW_CTX_TRY_NUMBER=1
AIRFLOW_CTX_DAG_RUN_ID=manual__2022-07-03T16:26:47.487462+00:00
[2022-07-03 16:26:49,331] {subprocess.py:62} INFO - Tmp dir root location: 
 /tmp
[2022-07-03 16:26:49,331] {subprocess.py:74} INFO - Running command: ['bash', '-c', 'echo this is a third task']
[2022-07-03 16:26:49,338] {subprocess.py:85} INFO - Output:
[2022-07-03 16:26:49,339] {subprocess.py:92} INFO - this is a third task
[2022-07-03 16:26:49,339] {subprocess.py:96} INFO - Command exited with return code 0
[2022-07-03 16:26:49,363] {taskinstance.py:1400} INFO - Marking task as SUCCESS. dag_id=my_bash_operator_dag, task_id=third_task, execution_date=20220703T162647, start_date=20220703T162649, end_date=20220703T162649
[2022-07-03 16:26:49,403] {local_task_job.py:156} INFO - Task exited with return code 0
[2022-07-03 16:26:49,427] {local_task_job.py:273} INFO - 0 downstream tasks scheduled from follow-on schedule check
