[2022-07-03 16:22:00,115] {taskinstance.py:1159} INFO - Dependencies all met for <TaskInstance: my_bash_operator_dag.first_task scheduled__2022-06-06T00:00:00+00:00 [queued]>
[2022-07-03 16:22:00,124] {taskinstance.py:1159} INFO - Dependencies all met for <TaskInstance: my_bash_operator_dag.first_task scheduled__2022-06-06T00:00:00+00:00 [queued]>
[2022-07-03 16:22:00,124] {taskinstance.py:1356} INFO - 
--------------------------------------------------------------------------------
[2022-07-03 16:22:00,125] {taskinstance.py:1357} INFO - Starting attempt 1 of 1
[2022-07-03 16:22:00,125] {taskinstance.py:1358} INFO - 
--------------------------------------------------------------------------------
[2022-07-03 16:22:00,143] {taskinstance.py:1377} INFO - Executing <Task(BashOperator): first_task> on 2022-06-06 00:00:00+00:00
[2022-07-03 16:22:00,146] {standard_task_runner.py:52} INFO - Started process 2268 to run task
[2022-07-03 16:22:00,149] {standard_task_runner.py:79} INFO - Running: ['***', 'tasks', 'run', 'my_bash_operator_dag', 'first_task', 'scheduled__2022-06-06T00:00:00+00:00', '--job-id', '167', '--raw', '--subdir', 'DAGS_FOLDER/my_bash_operator_dag.py', '--cfg-path', '/tmp/tmpofqa1ymr', '--error-file', '/tmp/tmp2bm7retu']
[2022-07-03 16:22:00,150] {standard_task_runner.py:80} INFO - Job 167: Subtask first_task
[2022-07-03 16:22:00,198] {task_command.py:370} INFO - Running <TaskInstance: my_bash_operator_dag.first_task scheduled__2022-06-06T00:00:00+00:00 [running]> on host a84f4c234c47
[2022-07-03 16:22:00,275] {taskinstance.py:1571} INFO - Exporting the following env vars:
AIRFLOW_CTX_DAG_OWNER=***
AIRFLOW_CTX_DAG_ID=my_bash_operator_dag
AIRFLOW_CTX_TASK_ID=first_task
AIRFLOW_CTX_EXECUTION_DATE=2022-06-06T00:00:00+00:00
AIRFLOW_CTX_TRY_NUMBER=1
AIRFLOW_CTX_DAG_RUN_ID=scheduled__2022-06-06T00:00:00+00:00
[2022-07-03 16:22:00,276] {subprocess.py:62} INFO - Tmp dir root location: 
 /tmp
[2022-07-03 16:22:00,276] {subprocess.py:74} INFO - Running command: ['bash', '-c', 'echo hello world, this is a first task']
[2022-07-03 16:22:00,285] {subprocess.py:85} INFO - Output:
[2022-07-03 16:22:00,286] {subprocess.py:92} INFO - hello world, this is a first task
[2022-07-03 16:22:00,287] {subprocess.py:96} INFO - Command exited with return code 0
[2022-07-03 16:22:00,321] {taskinstance.py:1400} INFO - Marking task as SUCCESS. dag_id=my_bash_operator_dag, task_id=first_task, execution_date=20220606T000000, start_date=20220703T162200, end_date=20220703T162200
[2022-07-03 16:22:00,360] {local_task_job.py:156} INFO - Task exited with return code 0
[2022-07-03 16:22:00,389] {local_task_job.py:273} INFO - 0 downstream tasks scheduled from follow-on schedule check
