[2022-07-03 15:52:38,121] {taskinstance.py:1159} INFO - Dependencies all met for <TaskInstance: example_bash_operator.runme_2 scheduled__2022-07-02T00:00:00+00:00 [queued]>
[2022-07-03 15:52:38,130] {taskinstance.py:1159} INFO - Dependencies all met for <TaskInstance: example_bash_operator.runme_2 scheduled__2022-07-02T00:00:00+00:00 [queued]>
[2022-07-03 15:52:38,130] {taskinstance.py:1356} INFO - 
--------------------------------------------------------------------------------
[2022-07-03 15:52:38,130] {taskinstance.py:1357} INFO - Starting attempt 1 of 1
[2022-07-03 15:52:38,130] {taskinstance.py:1358} INFO - 
--------------------------------------------------------------------------------
[2022-07-03 15:52:38,146] {taskinstance.py:1377} INFO - Executing <Task(BashOperator): runme_2> on 2022-07-02 00:00:00+00:00
[2022-07-03 15:52:38,149] {standard_task_runner.py:52} INFO - Started process 568 to run task
[2022-07-03 15:52:38,150] {standard_task_runner.py:79} INFO - Running: ['***', 'tasks', 'run', 'example_bash_operator', 'runme_2', 'scheduled__2022-07-02T00:00:00+00:00', '--job-id', '7', '--raw', '--subdir', '/home/***/.local/lib/python3.7/site-packages/***/example_dags/example_bash_operator.py', '--cfg-path', '/tmp/tmp8bh7a9sa', '--error-file', '/tmp/tmpmay19aup']
[2022-07-03 15:52:38,151] {standard_task_runner.py:80} INFO - Job 7: Subtask runme_2
[2022-07-03 15:52:38,198] {task_command.py:370} INFO - Running <TaskInstance: example_bash_operator.runme_2 scheduled__2022-07-02T00:00:00+00:00 [running]> on host 38efcbb4a972
[2022-07-03 15:52:38,366] {taskinstance.py:1571} INFO - Exporting the following env vars:
AIRFLOW_CTX_DAG_OWNER=***
AIRFLOW_CTX_DAG_ID=example_bash_operator
AIRFLOW_CTX_TASK_ID=runme_2
AIRFLOW_CTX_EXECUTION_DATE=2022-07-02T00:00:00+00:00
AIRFLOW_CTX_TRY_NUMBER=1
AIRFLOW_CTX_DAG_RUN_ID=scheduled__2022-07-02T00:00:00+00:00
[2022-07-03 15:52:38,367] {subprocess.py:62} INFO - Tmp dir root location: 
 /tmp
[2022-07-03 15:52:38,367] {subprocess.py:74} INFO - Running command: ['bash', '-c', 'echo "example_bash_operator__runme_2__20220702" && sleep 1']
[2022-07-03 15:52:38,374] {subprocess.py:85} INFO - Output:
[2022-07-03 15:52:38,375] {subprocess.py:92} INFO - example_bash_operator__runme_2__20220702
[2022-07-03 15:52:39,376] {subprocess.py:96} INFO - Command exited with return code 0
[2022-07-03 15:52:39,399] {taskinstance.py:1400} INFO - Marking task as SUCCESS. dag_id=example_bash_operator, task_id=runme_2, execution_date=20220702T000000, start_date=20220703T155238, end_date=20220703T155239
[2022-07-03 15:52:39,446] {local_task_job.py:156} INFO - Task exited with return code 0
[2022-07-03 15:52:39,471] {local_task_job.py:273} INFO - 0 downstream tasks scheduled from follow-on schedule check
