[2022-07-04 16:30:50,817] {taskinstance.py:1159} INFO - Dependencies all met for <TaskInstance: my_bash_operator_dag.third_task scheduled__2022-07-03T00:00:00+00:00 [queued]>
[2022-07-04 16:30:50,823] {taskinstance.py:1159} INFO - Dependencies all met for <TaskInstance: my_bash_operator_dag.third_task scheduled__2022-07-03T00:00:00+00:00 [queued]>
[2022-07-04 16:30:50,824] {taskinstance.py:1356} INFO - 
--------------------------------------------------------------------------------
[2022-07-04 16:30:50,824] {taskinstance.py:1357} INFO - Starting attempt 1 of 1
[2022-07-04 16:30:50,824] {taskinstance.py:1358} INFO - 
--------------------------------------------------------------------------------
[2022-07-04 16:30:50,835] {taskinstance.py:1377} INFO - Executing <Task(BashOperator): third_task> on 2022-07-03 00:00:00+00:00
[2022-07-04 16:30:50,838] {standard_task_runner.py:52} INFO - Started process 184 to run task
[2022-07-04 16:30:50,839] {standard_task_runner.py:79} INFO - Running: ['***', 'tasks', 'run', 'my_bash_operator_dag', 'third_task', 'scheduled__2022-07-03T00:00:00+00:00', '--job-id', '204', '--raw', '--subdir', 'DAGS_FOLDER/my_bash_operator_dag.py', '--cfg-path', '/tmp/tmphgcu7lks', '--error-file', '/tmp/tmp5m3kijts']
[2022-07-04 16:30:50,840] {standard_task_runner.py:80} INFO - Job 204: Subtask third_task
[2022-07-04 16:30:50,880] {task_command.py:370} INFO - Running <TaskInstance: my_bash_operator_dag.third_task scheduled__2022-07-03T00:00:00+00:00 [running]> on host a84f4c234c47
[2022-07-04 16:30:50,940] {taskinstance.py:1571} INFO - Exporting the following env vars:
AIRFLOW_CTX_DAG_OWNER=***
AIRFLOW_CTX_DAG_ID=my_bash_operator_dag
AIRFLOW_CTX_TASK_ID=third_task
AIRFLOW_CTX_EXECUTION_DATE=2022-07-03T00:00:00+00:00
AIRFLOW_CTX_TRY_NUMBER=1
AIRFLOW_CTX_DAG_RUN_ID=scheduled__2022-07-03T00:00:00+00:00
[2022-07-04 16:30:50,941] {subprocess.py:62} INFO - Tmp dir root location: 
 /tmp
[2022-07-04 16:30:50,941] {subprocess.py:74} INFO - Running command: ['bash', '-c', 'echo this is a third task']
[2022-07-04 16:30:50,946] {subprocess.py:85} INFO - Output:
[2022-07-04 16:30:50,947] {subprocess.py:92} INFO - this is a third task
[2022-07-04 16:30:50,947] {subprocess.py:96} INFO - Command exited with return code 0
[2022-07-04 16:30:50,970] {taskinstance.py:1400} INFO - Marking task as SUCCESS. dag_id=my_bash_operator_dag, task_id=third_task, execution_date=20220703T000000, start_date=20220704T163050, end_date=20220704T163050
[2022-07-04 16:30:51,011] {local_task_job.py:156} INFO - Task exited with return code 0
[2022-07-04 16:30:51,042] {local_task_job.py:273} INFO - 0 downstream tasks scheduled from follow-on schedule check
