[2022-07-03 16:21:50,399] {taskinstance.py:1159} INFO - Dependencies all met for <TaskInstance: my_bash_operator_dag.first_task scheduled__2022-05-16T00:00:00+00:00 [queued]>
[2022-07-03 16:21:50,408] {taskinstance.py:1159} INFO - Dependencies all met for <TaskInstance: my_bash_operator_dag.first_task scheduled__2022-05-16T00:00:00+00:00 [queued]>
[2022-07-03 16:21:50,408] {taskinstance.py:1356} INFO - 
--------------------------------------------------------------------------------
[2022-07-03 16:21:50,408] {taskinstance.py:1357} INFO - Starting attempt 1 of 1
[2022-07-03 16:21:50,408] {taskinstance.py:1358} INFO - 
--------------------------------------------------------------------------------
[2022-07-03 16:21:50,422] {taskinstance.py:1377} INFO - Executing <Task(BashOperator): first_task> on 2022-05-16 00:00:00+00:00
[2022-07-03 16:21:50,425] {standard_task_runner.py:52} INFO - Started process 2193 to run task
[2022-07-03 16:21:50,427] {standard_task_runner.py:79} INFO - Running: ['***', 'tasks', 'run', 'my_bash_operator_dag', 'first_task', 'scheduled__2022-05-16T00:00:00+00:00', '--job-id', '146', '--raw', '--subdir', 'DAGS_FOLDER/my_bash_operator_dag.py', '--cfg-path', '/tmp/tmpx2sxg9mf', '--error-file', '/tmp/tmp58n9dh3l']
[2022-07-03 16:21:50,428] {standard_task_runner.py:80} INFO - Job 146: Subtask first_task
[2022-07-03 16:21:50,467] {task_command.py:370} INFO - Running <TaskInstance: my_bash_operator_dag.first_task scheduled__2022-05-16T00:00:00+00:00 [running]> on host a84f4c234c47
[2022-07-03 16:21:50,531] {taskinstance.py:1571} INFO - Exporting the following env vars:
AIRFLOW_CTX_DAG_OWNER=***
AIRFLOW_CTX_DAG_ID=my_bash_operator_dag
AIRFLOW_CTX_TASK_ID=first_task
AIRFLOW_CTX_EXECUTION_DATE=2022-05-16T00:00:00+00:00
AIRFLOW_CTX_TRY_NUMBER=1
AIRFLOW_CTX_DAG_RUN_ID=scheduled__2022-05-16T00:00:00+00:00
[2022-07-03 16:21:50,531] {subprocess.py:62} INFO - Tmp dir root location: 
 /tmp
[2022-07-03 16:21:50,531] {subprocess.py:74} INFO - Running command: ['bash', '-c', 'echo hello world, this is a first task']
[2022-07-03 16:21:50,538] {subprocess.py:85} INFO - Output:
[2022-07-03 16:21:50,539] {subprocess.py:92} INFO - hello world, this is a first task
[2022-07-03 16:21:50,540] {subprocess.py:96} INFO - Command exited with return code 0
[2022-07-03 16:21:50,562] {taskinstance.py:1400} INFO - Marking task as SUCCESS. dag_id=my_bash_operator_dag, task_id=first_task, execution_date=20220516T000000, start_date=20220703T162150, end_date=20220703T162150
[2022-07-03 16:21:50,598] {local_task_job.py:156} INFO - Task exited with return code 0
[2022-07-03 16:21:50,643] {local_task_job.py:273} INFO - 0 downstream tasks scheduled from follow-on schedule check
