[2022-07-04 16:59:18,169] {taskinstance.py:1159} INFO - Dependencies all met for <TaskInstance: my_python_operator.greet scheduled__2022-05-02T00:00:00+00:00 [queued]>
[2022-07-04 16:59:18,180] {taskinstance.py:1159} INFO - Dependencies all met for <TaskInstance: my_python_operator.greet scheduled__2022-05-02T00:00:00+00:00 [queued]>
[2022-07-04 16:59:18,180] {taskinstance.py:1356} INFO - 
--------------------------------------------------------------------------------
[2022-07-04 16:59:18,180] {taskinstance.py:1357} INFO - Starting attempt 1 of 6
[2022-07-04 16:59:18,180] {taskinstance.py:1358} INFO - 
--------------------------------------------------------------------------------
[2022-07-04 16:59:18,213] {taskinstance.py:1377} INFO - Executing <Task(PythonOperator): greet> on 2022-05-02 00:00:00+00:00
[2022-07-04 16:59:18,216] {standard_task_runner.py:52} INFO - Started process 2162 to run task
[2022-07-04 16:59:18,218] {standard_task_runner.py:79} INFO - Running: ['***', 'tasks', 'run', 'my_python_operator', 'greet', 'scheduled__2022-05-02T00:00:00+00:00', '--job-id', '322', '--raw', '--subdir', 'DAGS_FOLDER/my_python_operator_dag.py', '--cfg-path', '/tmp/tmpq9x97n9r', '--error-file', '/tmp/tmp6q1agl9x']
[2022-07-04 16:59:18,219] {standard_task_runner.py:80} INFO - Job 322: Subtask greet
[2022-07-04 16:59:18,270] {task_command.py:370} INFO - Running <TaskInstance: my_python_operator.greet scheduled__2022-05-02T00:00:00+00:00 [running]> on host a84f4c234c47
[2022-07-04 16:59:18,339] {taskinstance.py:1571} INFO - Exporting the following env vars:
AIRFLOW_CTX_DAG_OWNER=giang
AIRFLOW_CTX_DAG_ID=my_python_operator
AIRFLOW_CTX_TASK_ID=greet
AIRFLOW_CTX_EXECUTION_DATE=2022-05-02T00:00:00+00:00
AIRFLOW_CTX_TRY_NUMBER=1
AIRFLOW_CTX_DAG_RUN_ID=scheduled__2022-05-02T00:00:00+00:00
[2022-07-04 16:59:18,339] {logging_mixin.py:115} INFO - 232
[2022-07-04 16:59:18,339] {python.py:173} INFO - Done. Returned value was: None
[2022-07-04 16:59:18,348] {taskinstance.py:1400} INFO - Marking task as SUCCESS. dag_id=my_python_operator, task_id=greet, execution_date=20220502T000000, start_date=20220704T165918, end_date=20220704T165918
[2022-07-04 16:59:18,390] {local_task_job.py:156} INFO - Task exited with return code 0
[2022-07-04 16:59:18,430] {local_task_job.py:273} INFO - 0 downstream tasks scheduled from follow-on schedule check
