[2022-07-04 18:05:59,836] {taskinstance.py:1159} INFO - Dependencies all met for <TaskInstance: my_python_operator.middle_task manual__2022-07-04T18:00:56.147024+00:00 [queued]>
[2022-07-04 18:05:59,841] {taskinstance.py:1159} INFO - Dependencies all met for <TaskInstance: my_python_operator.middle_task manual__2022-07-04T18:00:56.147024+00:00 [queued]>
[2022-07-04 18:05:59,841] {taskinstance.py:1356} INFO - 
--------------------------------------------------------------------------------
[2022-07-04 18:05:59,841] {taskinstance.py:1357} INFO - Starting attempt 2 of 6
[2022-07-04 18:05:59,841] {taskinstance.py:1358} INFO - 
--------------------------------------------------------------------------------
[2022-07-04 18:05:59,853] {taskinstance.py:1377} INFO - Executing <Task(PythonOperator): middle_task> on 2022-07-04 18:00:56.147024+00:00
[2022-07-04 18:05:59,855] {standard_task_runner.py:52} INFO - Started process 7057 to run task
[2022-07-04 18:05:59,856] {standard_task_runner.py:79} INFO - Running: ['***', 'tasks', 'run', 'my_python_operator', 'middle_task', 'manual__2022-07-04T18:00:56.147024+00:00', '--job-id', '416', '--raw', '--subdir', 'DAGS_FOLDER/my_python_operator_dag.py', '--cfg-path', '/tmp/tmptgbmvl7z', '--error-file', '/tmp/tmpaf3e1508']
[2022-07-04 18:05:59,857] {standard_task_runner.py:80} INFO - Job 416: Subtask middle_task
[2022-07-04 18:05:59,939] {task_command.py:370} INFO - Running <TaskInstance: my_python_operator.middle_task manual__2022-07-04T18:00:56.147024+00:00 [running]> on host a84f4c234c47
[2022-07-04 18:06:00,002] {taskinstance.py:1571} INFO - Exporting the following env vars:
AIRFLOW_CTX_DAG_OWNER=giang
AIRFLOW_CTX_DAG_ID=my_python_operator
AIRFLOW_CTX_TASK_ID=middle_task
AIRFLOW_CTX_EXECUTION_DATE=2022-07-04T18:00:56.147024+00:00
AIRFLOW_CTX_TRY_NUMBER=2
AIRFLOW_CTX_DAG_RUN_ID=manual__2022-07-04T18:00:56.147024+00:00
[2022-07-04 18:06:00,009] {logging_mixin.py:115} INFO - giang executed at 2020-10-10
[2022-07-04 18:06:00,010] {python.py:173} INFO - Done. Returned value was: None
[2022-07-04 18:06:00,017] {taskinstance.py:1400} INFO - Marking task as SUCCESS. dag_id=my_python_operator, task_id=middle_task, execution_date=20220704T180056, start_date=20220704T180559, end_date=20220704T180600
[2022-07-04 18:06:00,068] {local_task_job.py:156} INFO - Task exited with return code 0
[2022-07-04 18:06:00,103] {local_task_job.py:273} INFO - 0 downstream tasks scheduled from follow-on schedule check
