[2022-07-04 18:32:08,715] {taskinstance.py:1159} INFO - Dependencies all met for <TaskInstance: dag_with_taskflow_api.get_name scheduled__2022-07-02T00:00:00+00:00 [queued]>
[2022-07-04 18:32:08,732] {taskinstance.py:1159} INFO - Dependencies all met for <TaskInstance: dag_with_taskflow_api.get_name scheduled__2022-07-02T00:00:00+00:00 [queued]>
[2022-07-04 18:32:08,733] {taskinstance.py:1356} INFO - 
--------------------------------------------------------------------------------
[2022-07-04 18:32:08,733] {taskinstance.py:1357} INFO - Starting attempt 1 of 6
[2022-07-04 18:32:08,733] {taskinstance.py:1358} INFO - 
--------------------------------------------------------------------------------
[2022-07-04 18:32:08,751] {taskinstance.py:1377} INFO - Executing <Task(_PythonDecoratedOperator): get_name> on 2022-07-02 00:00:00+00:00
[2022-07-04 18:32:08,754] {standard_task_runner.py:52} INFO - Started process 9058 to run task
[2022-07-04 18:32:08,756] {standard_task_runner.py:79} INFO - Running: ['***', 'tasks', 'run', 'dag_with_taskflow_api', 'get_name', 'scheduled__2022-07-02T00:00:00+00:00', '--job-id', '433', '--raw', '--subdir', 'DAGS_FOLDER/my_taskflow_api_dag.py', '--cfg-path', '/tmp/tmpejfmf503', '--error-file', '/tmp/tmp3vayul97']
[2022-07-04 18:32:08,757] {standard_task_runner.py:80} INFO - Job 433: Subtask get_name
[2022-07-04 18:32:08,805] {task_command.py:370} INFO - Running <TaskInstance: dag_with_taskflow_api.get_name scheduled__2022-07-02T00:00:00+00:00 [running]> on host a84f4c234c47
[2022-07-04 18:32:08,882] {taskinstance.py:1571} INFO - Exporting the following env vars:
AIRFLOW_CTX_DAG_OWNER=giang
AIRFLOW_CTX_DAG_ID=dag_with_taskflow_api
AIRFLOW_CTX_TASK_ID=get_name
AIRFLOW_CTX_EXECUTION_DATE=2022-07-02T00:00:00+00:00
AIRFLOW_CTX_TRY_NUMBER=1
AIRFLOW_CTX_DAG_RUN_ID=scheduled__2022-07-02T00:00:00+00:00
[2022-07-04 18:32:08,883] {python.py:173} INFO - Done. Returned value was: Giang
[2022-07-04 18:32:08,922] {taskinstance.py:1400} INFO - Marking task as SUCCESS. dag_id=dag_with_taskflow_api, task_id=get_name, execution_date=20220702T000000, start_date=20220704T183208, end_date=20220704T183208
[2022-07-04 18:32:08,967] {local_task_job.py:156} INFO - Task exited with return code 0
[2022-07-04 18:32:09,005] {local_task_job.py:273} INFO - 0 downstream tasks scheduled from follow-on schedule check
