[2022-07-04 18:02:12,055] {taskinstance.py:1159} INFO - Dependencies all met for <TaskInstance: my_python_operator.get_name manual__2022-07-04T18:02:11.494905+00:00 [queued]>
[2022-07-04 18:02:12,063] {taskinstance.py:1159} INFO - Dependencies all met for <TaskInstance: my_python_operator.get_name manual__2022-07-04T18:02:11.494905+00:00 [queued]>
[2022-07-04 18:02:12,063] {taskinstance.py:1356} INFO - 
--------------------------------------------------------------------------------
[2022-07-04 18:02:12,063] {taskinstance.py:1357} INFO - Starting attempt 1 of 6
[2022-07-04 18:02:12,063] {taskinstance.py:1358} INFO - 
--------------------------------------------------------------------------------
[2022-07-04 18:02:12,078] {taskinstance.py:1377} INFO - Executing <Task(PythonOperator): get_name> on 2022-07-04 18:02:11.494905+00:00
[2022-07-04 18:02:12,081] {standard_task_runner.py:52} INFO - Started process 6768 to run task
[2022-07-04 18:02:12,083] {standard_task_runner.py:79} INFO - Running: ['***', 'tasks', 'run', 'my_python_operator', 'get_name', 'manual__2022-07-04T18:02:11.494905+00:00', '--job-id', '404', '--raw', '--subdir', 'DAGS_FOLDER/my_python_operator_dag.py', '--cfg-path', '/tmp/tmpusktkpyk', '--error-file', '/tmp/tmpe71ixtny']
[2022-07-04 18:02:12,083] {standard_task_runner.py:80} INFO - Job 404: Subtask get_name
[2022-07-04 18:02:12,121] {task_command.py:370} INFO - Running <TaskInstance: my_python_operator.get_name manual__2022-07-04T18:02:11.494905+00:00 [running]> on host a84f4c234c47
[2022-07-04 18:02:12,181] {taskinstance.py:1571} INFO - Exporting the following env vars:
AIRFLOW_CTX_DAG_OWNER=giang
AIRFLOW_CTX_DAG_ID=my_python_operator
AIRFLOW_CTX_TASK_ID=get_name
AIRFLOW_CTX_EXECUTION_DATE=2022-07-04T18:02:11.494905+00:00
AIRFLOW_CTX_TRY_NUMBER=1
AIRFLOW_CTX_DAG_RUN_ID=manual__2022-07-04T18:02:11.494905+00:00
[2022-07-04 18:02:12,181] {python.py:173} INFO - Done. Returned value was: giang
[2022-07-04 18:02:12,206] {taskinstance.py:1400} INFO - Marking task as SUCCESS. dag_id=my_python_operator, task_id=get_name, execution_date=20220704T180211, start_date=20220704T180212, end_date=20220704T180212
[2022-07-04 18:02:12,254] {local_task_job.py:156} INFO - Task exited with return code 0
[2022-07-04 18:02:12,288] {local_task_job.py:273} INFO - 1 downstream tasks scheduled from follow-on schedule check
