[2022-07-04 18:17:07,238] {taskinstance.py:1159} INFO - Dependencies all met for <TaskInstance: my_python_operator.pull_after_push_xcoms manual__2022-07-04T18:17:03.589379+00:00 [queued]>
[2022-07-04 18:17:07,248] {taskinstance.py:1159} INFO - Dependencies all met for <TaskInstance: my_python_operator.pull_after_push_xcoms manual__2022-07-04T18:17:03.589379+00:00 [queued]>
[2022-07-04 18:17:07,248] {taskinstance.py:1356} INFO - 
--------------------------------------------------------------------------------
[2022-07-04 18:17:07,248] {taskinstance.py:1357} INFO - Starting attempt 1 of 6
[2022-07-04 18:17:07,248] {taskinstance.py:1358} INFO - 
--------------------------------------------------------------------------------
[2022-07-04 18:17:07,265] {taskinstance.py:1377} INFO - Executing <Task(PythonOperator): pull_after_push_xcoms> on 2022-07-04 18:17:03.589379+00:00
[2022-07-04 18:17:07,268] {standard_task_runner.py:52} INFO - Started process 7894 to run task
[2022-07-04 18:17:07,270] {standard_task_runner.py:79} INFO - Running: ['***', 'tasks', 'run', 'my_python_operator', 'pull_after_push_xcoms', 'manual__2022-07-04T18:17:03.589379+00:00', '--job-id', '422', '--raw', '--subdir', 'DAGS_FOLDER/my_python_operator_dag.py', '--cfg-path', '/tmp/tmpvt3cylzk', '--error-file', '/tmp/tmp7qdbvhua']
[2022-07-04 18:17:07,271] {standard_task_runner.py:80} INFO - Job 422: Subtask pull_after_push_xcoms
[2022-07-04 18:17:07,322] {task_command.py:370} INFO - Running <TaskInstance: my_python_operator.pull_after_push_xcoms manual__2022-07-04T18:17:03.589379+00:00 [running]> on host a84f4c234c47
[2022-07-04 18:17:07,409] {taskinstance.py:1571} INFO - Exporting the following env vars:
AIRFLOW_CTX_DAG_OWNER=giang
AIRFLOW_CTX_DAG_ID=my_python_operator
AIRFLOW_CTX_TASK_ID=pull_after_push_xcoms
AIRFLOW_CTX_EXECUTION_DATE=2022-07-04T18:17:03.589379+00:00
AIRFLOW_CTX_TRY_NUMBER=1
AIRFLOW_CTX_DAG_RUN_ID=manual__2022-07-04T18:17:03.589379+00:00
[2022-07-04 18:17:07,430] {python.py:173} INFO - Done. Returned value was: 
        First Name: None
        Middle Name: None
        Last Name: None
    
[2022-07-04 18:17:07,464] {taskinstance.py:1400} INFO - Marking task as SUCCESS. dag_id=my_python_operator, task_id=pull_after_push_xcoms, execution_date=20220704T181703, start_date=20220704T181707, end_date=20220704T181707
[2022-07-04 18:17:07,481] {local_task_job.py:156} INFO - Task exited with return code 0
[2022-07-04 18:17:07,503] {local_task_job.py:273} INFO - 0 downstream tasks scheduled from follow-on schedule check
