[2022-07-03 16:21:09,841] {taskinstance.py:1159} INFO - Dependencies all met for <TaskInstance: my_bash_operator_dag.first_task scheduled__2022-02-01T00:00:00+00:00 [queued]>
[2022-07-03 16:21:09,850] {taskinstance.py:1159} INFO - Dependencies all met for <TaskInstance: my_bash_operator_dag.first_task scheduled__2022-02-01T00:00:00+00:00 [queued]>
[2022-07-03 16:21:09,851] {taskinstance.py:1356} INFO - 
--------------------------------------------------------------------------------
[2022-07-03 16:21:09,851] {taskinstance.py:1357} INFO - Starting attempt 1 of 1
[2022-07-03 16:21:09,851] {taskinstance.py:1358} INFO - 
--------------------------------------------------------------------------------
[2022-07-03 16:21:09,869] {taskinstance.py:1377} INFO - Executing <Task(BashOperator): first_task> on 2022-02-01 00:00:00+00:00
[2022-07-03 16:21:09,873] {standard_task_runner.py:52} INFO - Started process 1844 to run task
[2022-07-03 16:21:09,875] {standard_task_runner.py:79} INFO - Running: ['***', 'tasks', 'run', 'my_bash_operator_dag', 'first_task', 'scheduled__2022-02-01T00:00:00+00:00', '--job-id', '42', '--raw', '--subdir', 'DAGS_FOLDER/my_bash_operator_dag.py', '--cfg-path', '/tmp/tmpa1iz1th7', '--error-file', '/tmp/tmpx66c9a1r']
[2022-07-03 16:21:09,876] {standard_task_runner.py:80} INFO - Job 42: Subtask first_task
[2022-07-03 16:21:09,941] {task_command.py:370} INFO - Running <TaskInstance: my_bash_operator_dag.first_task scheduled__2022-02-01T00:00:00+00:00 [running]> on host a84f4c234c47
[2022-07-03 16:21:10,014] {taskinstance.py:1571} INFO - Exporting the following env vars:
AIRFLOW_CTX_DAG_OWNER=***
AIRFLOW_CTX_DAG_ID=my_bash_operator_dag
AIRFLOW_CTX_TASK_ID=first_task
AIRFLOW_CTX_EXECUTION_DATE=2022-02-01T00:00:00+00:00
AIRFLOW_CTX_TRY_NUMBER=1
AIRFLOW_CTX_DAG_RUN_ID=scheduled__2022-02-01T00:00:00+00:00
[2022-07-03 16:21:10,014] {subprocess.py:62} INFO - Tmp dir root location: 
 /tmp
[2022-07-03 16:21:10,014] {subprocess.py:74} INFO - Running command: ['bash', '-c', 'echo hello world, this is a first task']
[2022-07-03 16:21:10,021] {subprocess.py:85} INFO - Output:
[2022-07-03 16:21:10,022] {subprocess.py:92} INFO - hello world, this is a first task
[2022-07-03 16:21:10,022] {subprocess.py:96} INFO - Command exited with return code 0
[2022-07-03 16:21:10,044] {taskinstance.py:1400} INFO - Marking task as SUCCESS. dag_id=my_bash_operator_dag, task_id=first_task, execution_date=20220201T000000, start_date=20220703T162109, end_date=20220703T162110
[2022-07-03 16:21:10,086] {local_task_job.py:156} INFO - Task exited with return code 0
[2022-07-03 16:21:10,109] {local_task_job.py:273} INFO - 0 downstream tasks scheduled from follow-on schedule check
