[2022-07-03 15:51:48,021] {processor.py:153} INFO - Started process (PID=173) to work on /home/airflow/.local/lib/python3.7/site-packages/airflow/example_dags/example_bash_operator.py
[2022-07-03 15:51:48,021] {processor.py:641} INFO - Processing file /home/airflow/.local/lib/python3.7/site-packages/airflow/example_dags/example_bash_operator.py for tasks to queue
[2022-07-03 15:51:48,022] {logging_mixin.py:115} INFO - [2022-07-03 15:51:48,022] {dagbag.py:507} INFO - Filling up the DagBag from /home/airflow/.local/lib/python3.7/site-packages/airflow/example_dags/example_bash_operator.py
[2022-07-03 15:51:48,034] {processor.py:651} INFO - DAG(s) dict_keys(['example_bash_operator']) retrieved from /home/airflow/.local/lib/python3.7/site-packages/airflow/example_dags/example_bash_operator.py
[2022-07-03 15:51:48,108] {logging_mixin.py:115} INFO - [2022-07-03 15:51:48,108] {manager.py:508} INFO - Created Permission View: can delete on DAG:example_bash_operator
[2022-07-03 15:51:48,116] {logging_mixin.py:115} INFO - [2022-07-03 15:51:48,116] {manager.py:508} INFO - Created Permission View: can edit on DAG:example_bash_operator
[2022-07-03 15:51:48,123] {logging_mixin.py:115} INFO - [2022-07-03 15:51:48,123] {manager.py:508} INFO - Created Permission View: can read on DAG:example_bash_operator
[2022-07-03 15:51:48,123] {logging_mixin.py:115} INFO - [2022-07-03 15:51:48,123] {dag.py:2379} INFO - Sync 1 DAGs
[2022-07-03 15:51:48,129] {logging_mixin.py:115} INFO - [2022-07-03 15:51:48,129] {dag.py:2398} INFO - Creating ORM DAG for example_bash_operator
[2022-07-03 15:51:48,138] {logging_mixin.py:115} INFO - [2022-07-03 15:51:48,138] {dag.py:2931} INFO - Setting next_dagrun for example_bash_operator to 2022-07-02T00:00:00+00:00, run_after=2022-07-03T00:00:00+00:00
[2022-07-03 15:51:48,151] {processor.py:161} INFO - Processing /home/airflow/.local/lib/python3.7/site-packages/airflow/example_dags/example_bash_operator.py took 0.132 seconds
[2022-07-03 15:52:18,363] {processor.py:153} INFO - Started process (PID=371) to work on /home/airflow/.local/lib/python3.7/site-packages/airflow/example_dags/example_bash_operator.py
[2022-07-03 15:52:18,364] {processor.py:641} INFO - Processing file /home/airflow/.local/lib/python3.7/site-packages/airflow/example_dags/example_bash_operator.py for tasks to queue
[2022-07-03 15:52:18,364] {logging_mixin.py:115} INFO - [2022-07-03 15:52:18,364] {dagbag.py:507} INFO - Filling up the DagBag from /home/airflow/.local/lib/python3.7/site-packages/airflow/example_dags/example_bash_operator.py
[2022-07-03 15:52:18,370] {processor.py:651} INFO - DAG(s) dict_keys(['example_bash_operator']) retrieved from /home/airflow/.local/lib/python3.7/site-packages/airflow/example_dags/example_bash_operator.py
[2022-07-03 15:52:18,386] {logging_mixin.py:115} INFO - [2022-07-03 15:52:18,386] {dag.py:2379} INFO - Sync 1 DAGs
[2022-07-03 15:52:18,400] {logging_mixin.py:115} INFO - [2022-07-03 15:52:18,400] {dag.py:2931} INFO - Setting next_dagrun for example_bash_operator to 2022-07-02T00:00:00+00:00, run_after=2022-07-03T00:00:00+00:00
[2022-07-03 15:52:18,411] {processor.py:161} INFO - Processing /home/airflow/.local/lib/python3.7/site-packages/airflow/example_dags/example_bash_operator.py took 0.049 seconds
[2022-07-03 15:52:48,606] {processor.py:153} INFO - Started process (PID=586) to work on /home/airflow/.local/lib/python3.7/site-packages/airflow/example_dags/example_bash_operator.py
[2022-07-03 15:52:48,607] {processor.py:641} INFO - Processing file /home/airflow/.local/lib/python3.7/site-packages/airflow/example_dags/example_bash_operator.py for tasks to queue
[2022-07-03 15:52:48,607] {logging_mixin.py:115} INFO - [2022-07-03 15:52:48,607] {dagbag.py:507} INFO - Filling up the DagBag from /home/airflow/.local/lib/python3.7/site-packages/airflow/example_dags/example_bash_operator.py
[2022-07-03 15:52:48,614] {processor.py:651} INFO - DAG(s) dict_keys(['example_bash_operator']) retrieved from /home/airflow/.local/lib/python3.7/site-packages/airflow/example_dags/example_bash_operator.py
[2022-07-03 15:52:48,632] {logging_mixin.py:115} INFO - [2022-07-03 15:52:48,632] {dag.py:2379} INFO - Sync 1 DAGs
[2022-07-03 15:52:48,648] {logging_mixin.py:115} INFO - [2022-07-03 15:52:48,648] {dag.py:2931} INFO - Setting next_dagrun for example_bash_operator to 2022-07-03T00:00:00+00:00, run_after=2022-07-04T00:00:00+00:00
[2022-07-03 15:52:48,660] {processor.py:161} INFO - Processing /home/airflow/.local/lib/python3.7/site-packages/airflow/example_dags/example_bash_operator.py took 0.055 seconds
[2022-07-03 15:53:19,048] {processor.py:153} INFO - Started process (PID=774) to work on /home/airflow/.local/lib/python3.7/site-packages/airflow/example_dags/example_bash_operator.py
[2022-07-03 15:53:19,059] {processor.py:641} INFO - Processing file /home/airflow/.local/lib/python3.7/site-packages/airflow/example_dags/example_bash_operator.py for tasks to queue
[2022-07-03 15:53:19,061] {logging_mixin.py:115} INFO - [2022-07-03 15:53:19,060] {dagbag.py:507} INFO - Filling up the DagBag from /home/airflow/.local/lib/python3.7/site-packages/airflow/example_dags/example_bash_operator.py
[2022-07-03 15:53:19,067] {processor.py:651} INFO - DAG(s) dict_keys(['example_bash_operator']) retrieved from /home/airflow/.local/lib/python3.7/site-packages/airflow/example_dags/example_bash_operator.py
[2022-07-03 15:53:19,083] {logging_mixin.py:115} INFO - [2022-07-03 15:53:19,083] {dag.py:2379} INFO - Sync 1 DAGs
[2022-07-03 15:53:19,096] {logging_mixin.py:115} INFO - [2022-07-03 15:53:19,096] {dag.py:2931} INFO - Setting next_dagrun for example_bash_operator to 2022-07-03T00:00:00+00:00, run_after=2022-07-04T00:00:00+00:00
[2022-07-03 15:53:19,106] {processor.py:161} INFO - Processing /home/airflow/.local/lib/python3.7/site-packages/airflow/example_dags/example_bash_operator.py took 0.059 seconds
[2022-07-03 15:53:49,257] {processor.py:153} INFO - Started process (PID=989) to work on /home/airflow/.local/lib/python3.7/site-packages/airflow/example_dags/example_bash_operator.py
[2022-07-03 15:53:49,269] {processor.py:641} INFO - Processing file /home/airflow/.local/lib/python3.7/site-packages/airflow/example_dags/example_bash_operator.py for tasks to queue
[2022-07-03 15:53:49,270] {logging_mixin.py:115} INFO - [2022-07-03 15:53:49,270] {dagbag.py:507} INFO - Filling up the DagBag from /home/airflow/.local/lib/python3.7/site-packages/airflow/example_dags/example_bash_operator.py
[2022-07-03 15:53:49,291] {processor.py:651} INFO - DAG(s) dict_keys(['example_bash_operator']) retrieved from /home/airflow/.local/lib/python3.7/site-packages/airflow/example_dags/example_bash_operator.py
[2022-07-03 15:53:49,315] {logging_mixin.py:115} INFO - [2022-07-03 15:53:49,315] {dag.py:2379} INFO - Sync 1 DAGs
[2022-07-03 15:53:49,330] {logging_mixin.py:115} INFO - [2022-07-03 15:53:49,330] {dag.py:2931} INFO - Setting next_dagrun for example_bash_operator to 2022-07-03T00:00:00+00:00, run_after=2022-07-04T00:00:00+00:00
[2022-07-03 15:53:49,340] {processor.py:161} INFO - Processing /home/airflow/.local/lib/python3.7/site-packages/airflow/example_dags/example_bash_operator.py took 0.089 seconds
