[2022-07-03 15:51:48,800] {processor.py:153} INFO - Started process (PID=222) to work on /home/airflow/.local/lib/python3.7/site-packages/airflow/example_dags/example_kubernetes_executor.py
[2022-07-03 15:51:48,800] {processor.py:641} INFO - Processing file /home/airflow/.local/lib/python3.7/site-packages/airflow/example_dags/example_kubernetes_executor.py for tasks to queue
[2022-07-03 15:51:48,801] {logging_mixin.py:115} INFO - [2022-07-03 15:51:48,801] {dagbag.py:507} INFO - Filling up the DagBag from /home/airflow/.local/lib/python3.7/site-packages/airflow/example_dags/example_kubernetes_executor.py
[2022-07-03 15:51:48,815] {processor.py:651} INFO - DAG(s) dict_keys(['example_kubernetes_executor']) retrieved from /home/airflow/.local/lib/python3.7/site-packages/airflow/example_dags/example_kubernetes_executor.py
[2022-07-03 15:51:48,871] {logging_mixin.py:115} INFO - [2022-07-03 15:51:48,871] {manager.py:508} INFO - Created Permission View: can delete on DAG:example_kubernetes_executor
[2022-07-03 15:51:48,880] {logging_mixin.py:115} INFO - [2022-07-03 15:51:48,880] {manager.py:508} INFO - Created Permission View: can edit on DAG:example_kubernetes_executor
[2022-07-03 15:51:48,887] {logging_mixin.py:115} INFO - [2022-07-03 15:51:48,887] {manager.py:508} INFO - Created Permission View: can read on DAG:example_kubernetes_executor
[2022-07-03 15:51:48,887] {logging_mixin.py:115} INFO - [2022-07-03 15:51:48,887] {dag.py:2379} INFO - Sync 1 DAGs
[2022-07-03 15:51:48,893] {logging_mixin.py:115} INFO - [2022-07-03 15:51:48,893] {dag.py:2398} INFO - Creating ORM DAG for example_kubernetes_executor
[2022-07-03 15:51:48,901] {logging_mixin.py:115} INFO - [2022-07-03 15:51:48,901] {dag.py:2931} INFO - Setting next_dagrun for example_kubernetes_executor to None, run_after=None
[2022-07-03 15:51:48,912] {processor.py:161} INFO - Processing /home/airflow/.local/lib/python3.7/site-packages/airflow/example_dags/example_kubernetes_executor.py took 0.113 seconds
[2022-07-03 15:52:19,724] {processor.py:153} INFO - Started process (PID=419) to work on /home/airflow/.local/lib/python3.7/site-packages/airflow/example_dags/example_kubernetes_executor.py
[2022-07-03 15:52:19,724] {processor.py:641} INFO - Processing file /home/airflow/.local/lib/python3.7/site-packages/airflow/example_dags/example_kubernetes_executor.py for tasks to queue
[2022-07-03 15:52:19,725] {logging_mixin.py:115} INFO - [2022-07-03 15:52:19,725] {dagbag.py:507} INFO - Filling up the DagBag from /home/airflow/.local/lib/python3.7/site-packages/airflow/example_dags/example_kubernetes_executor.py
[2022-07-03 15:52:19,739] {processor.py:651} INFO - DAG(s) dict_keys(['example_kubernetes_executor']) retrieved from /home/airflow/.local/lib/python3.7/site-packages/airflow/example_dags/example_kubernetes_executor.py
[2022-07-03 15:52:19,755] {logging_mixin.py:115} INFO - [2022-07-03 15:52:19,755] {dag.py:2379} INFO - Sync 1 DAGs
[2022-07-03 15:52:19,769] {logging_mixin.py:115} INFO - [2022-07-03 15:52:19,769] {dag.py:2931} INFO - Setting next_dagrun for example_kubernetes_executor to None, run_after=None
[2022-07-03 15:52:19,778] {processor.py:161} INFO - Processing /home/airflow/.local/lib/python3.7/site-packages/airflow/example_dags/example_kubernetes_executor.py took 0.056 seconds
[2022-07-03 15:52:50,014] {processor.py:153} INFO - Started process (PID=634) to work on /home/airflow/.local/lib/python3.7/site-packages/airflow/example_dags/example_kubernetes_executor.py
[2022-07-03 15:52:50,014] {processor.py:641} INFO - Processing file /home/airflow/.local/lib/python3.7/site-packages/airflow/example_dags/example_kubernetes_executor.py for tasks to queue
[2022-07-03 15:52:50,014] {logging_mixin.py:115} INFO - [2022-07-03 15:52:50,014] {dagbag.py:507} INFO - Filling up the DagBag from /home/airflow/.local/lib/python3.7/site-packages/airflow/example_dags/example_kubernetes_executor.py
[2022-07-03 15:52:50,032] {processor.py:651} INFO - DAG(s) dict_keys(['example_kubernetes_executor']) retrieved from /home/airflow/.local/lib/python3.7/site-packages/airflow/example_dags/example_kubernetes_executor.py
[2022-07-03 15:52:50,054] {logging_mixin.py:115} INFO - [2022-07-03 15:52:50,054] {dag.py:2379} INFO - Sync 1 DAGs
[2022-07-03 15:52:50,072] {logging_mixin.py:115} INFO - [2022-07-03 15:52:50,072] {dag.py:2931} INFO - Setting next_dagrun for example_kubernetes_executor to None, run_after=None
[2022-07-03 15:52:50,084] {processor.py:161} INFO - Processing /home/airflow/.local/lib/python3.7/site-packages/airflow/example_dags/example_kubernetes_executor.py took 0.072 seconds
[2022-07-03 15:53:20,392] {processor.py:153} INFO - Started process (PID=831) to work on /home/airflow/.local/lib/python3.7/site-packages/airflow/example_dags/example_kubernetes_executor.py
[2022-07-03 15:53:20,393] {processor.py:641} INFO - Processing file /home/airflow/.local/lib/python3.7/site-packages/airflow/example_dags/example_kubernetes_executor.py for tasks to queue
[2022-07-03 15:53:20,393] {logging_mixin.py:115} INFO - [2022-07-03 15:53:20,393] {dagbag.py:507} INFO - Filling up the DagBag from /home/airflow/.local/lib/python3.7/site-packages/airflow/example_dags/example_kubernetes_executor.py
[2022-07-03 15:53:20,406] {processor.py:651} INFO - DAG(s) dict_keys(['example_kubernetes_executor']) retrieved from /home/airflow/.local/lib/python3.7/site-packages/airflow/example_dags/example_kubernetes_executor.py
[2022-07-03 15:53:20,422] {logging_mixin.py:115} INFO - [2022-07-03 15:53:20,422] {dag.py:2379} INFO - Sync 1 DAGs
[2022-07-03 15:53:20,439] {logging_mixin.py:115} INFO - [2022-07-03 15:53:20,439] {dag.py:2931} INFO - Setting next_dagrun for example_kubernetes_executor to None, run_after=None
[2022-07-03 15:53:20,448] {processor.py:161} INFO - Processing /home/airflow/.local/lib/python3.7/site-packages/airflow/example_dags/example_kubernetes_executor.py took 0.058 seconds
[2022-07-03 15:53:50,635] {processor.py:153} INFO - Started process (PID=1037) to work on /home/airflow/.local/lib/python3.7/site-packages/airflow/example_dags/example_kubernetes_executor.py
[2022-07-03 15:53:50,635] {processor.py:641} INFO - Processing file /home/airflow/.local/lib/python3.7/site-packages/airflow/example_dags/example_kubernetes_executor.py for tasks to queue
[2022-07-03 15:53:50,636] {logging_mixin.py:115} INFO - [2022-07-03 15:53:50,635] {dagbag.py:507} INFO - Filling up the DagBag from /home/airflow/.local/lib/python3.7/site-packages/airflow/example_dags/example_kubernetes_executor.py
[2022-07-03 15:53:50,649] {processor.py:651} INFO - DAG(s) dict_keys(['example_kubernetes_executor']) retrieved from /home/airflow/.local/lib/python3.7/site-packages/airflow/example_dags/example_kubernetes_executor.py
[2022-07-03 15:53:50,667] {logging_mixin.py:115} INFO - [2022-07-03 15:53:50,667] {dag.py:2379} INFO - Sync 1 DAGs
[2022-07-03 15:53:50,681] {logging_mixin.py:115} INFO - [2022-07-03 15:53:50,681] {dag.py:2931} INFO - Setting next_dagrun for example_kubernetes_executor to None, run_after=None
[2022-07-03 15:53:50,690] {processor.py:161} INFO - Processing /home/airflow/.local/lib/python3.7/site-packages/airflow/example_dags/example_kubernetes_executor.py took 0.057 seconds
