[2022-07-03 15:51:49,446] {processor.py:153} INFO - Started process (PID=272) to work on /home/airflow/.local/lib/python3.7/site-packages/airflow/example_dags/example_subdag_operator.py
[2022-07-03 15:51:49,447] {processor.py:641} INFO - Processing file /home/airflow/.local/lib/python3.7/site-packages/airflow/example_dags/example_subdag_operator.py for tasks to queue
[2022-07-03 15:51:49,447] {logging_mixin.py:115} INFO - [2022-07-03 15:51:49,447] {dagbag.py:507} INFO - Filling up the DagBag from /home/airflow/.local/lib/python3.7/site-packages/airflow/example_dags/example_subdag_operator.py
[2022-07-03 15:51:49,466] {processor.py:651} INFO - DAG(s) dict_keys(['example_subdag_operator.section-1', 'example_subdag_operator.section-2', 'example_subdag_operator']) retrieved from /home/airflow/.local/lib/python3.7/site-packages/airflow/example_dags/example_subdag_operator.py
[2022-07-03 15:51:49,526] {logging_mixin.py:115} INFO - [2022-07-03 15:51:49,525] {manager.py:508} INFO - Created Permission View: can delete on DAG:example_subdag_operator
[2022-07-03 15:51:49,536] {logging_mixin.py:115} INFO - [2022-07-03 15:51:49,536] {manager.py:508} INFO - Created Permission View: can edit on DAG:example_subdag_operator
[2022-07-03 15:51:49,544] {logging_mixin.py:115} INFO - [2022-07-03 15:51:49,544] {manager.py:508} INFO - Created Permission View: can read on DAG:example_subdag_operator
[2022-07-03 15:51:49,544] {logging_mixin.py:115} INFO - [2022-07-03 15:51:49,544] {dag.py:2379} INFO - Sync 3 DAGs
[2022-07-03 15:51:49,550] {logging_mixin.py:115} INFO - [2022-07-03 15:51:49,550] {dag.py:2398} INFO - Creating ORM DAG for example_subdag_operator.section-2
[2022-07-03 15:51:49,550] {logging_mixin.py:115} INFO - [2022-07-03 15:51:49,550] {dag.py:2398} INFO - Creating ORM DAG for example_subdag_operator.section-1
[2022-07-03 15:51:49,551] {logging_mixin.py:115} INFO - [2022-07-03 15:51:49,551] {dag.py:2398} INFO - Creating ORM DAG for example_subdag_operator
[2022-07-03 15:51:49,558] {logging_mixin.py:115} INFO - [2022-07-03 15:51:49,558] {dag.py:2931} INFO - Setting next_dagrun for example_subdag_operator to 2022-01-01T00:00:00+00:00, run_after=2022-01-01T00:00:00+00:00
[2022-07-03 15:51:49,558] {logging_mixin.py:115} INFO - [2022-07-03 15:51:49,558] {dag.py:2931} INFO - Setting next_dagrun for example_subdag_operator.section-1 to None, run_after=None
[2022-07-03 15:51:49,559] {logging_mixin.py:115} INFO - [2022-07-03 15:51:49,559] {dag.py:2931} INFO - Setting next_dagrun for example_subdag_operator.section-2 to None, run_after=None
[2022-07-03 15:51:49,565] {logging_mixin.py:115} INFO - [2022-07-03 15:51:49,565] {dag.py:2379} INFO - Sync 2 DAGs
[2022-07-03 15:51:49,568] {logging_mixin.py:115} INFO - [2022-07-03 15:51:49,568] {dag.py:2931} INFO - Setting next_dagrun for example_subdag_operator.section-1 to None, run_after=None
[2022-07-03 15:51:49,568] {logging_mixin.py:115} INFO - [2022-07-03 15:51:49,568] {dag.py:2931} INFO - Setting next_dagrun for example_subdag_operator.section-2 to None, run_after=None
[2022-07-03 15:51:49,577] {processor.py:161} INFO - Processing /home/airflow/.local/lib/python3.7/site-packages/airflow/example_dags/example_subdag_operator.py took 0.133 seconds
[2022-07-03 15:52:20,021] {processor.py:153} INFO - Started process (PID=469) to work on /home/airflow/.local/lib/python3.7/site-packages/airflow/example_dags/example_subdag_operator.py
[2022-07-03 15:52:20,021] {processor.py:641} INFO - Processing file /home/airflow/.local/lib/python3.7/site-packages/airflow/example_dags/example_subdag_operator.py for tasks to queue
[2022-07-03 15:52:20,022] {logging_mixin.py:115} INFO - [2022-07-03 15:52:20,022] {dagbag.py:507} INFO - Filling up the DagBag from /home/airflow/.local/lib/python3.7/site-packages/airflow/example_dags/example_subdag_operator.py
[2022-07-03 15:52:20,036] {processor.py:651} INFO - DAG(s) dict_keys(['example_subdag_operator.section-1', 'example_subdag_operator.section-2', 'example_subdag_operator']) retrieved from /home/airflow/.local/lib/python3.7/site-packages/airflow/example_dags/example_subdag_operator.py
[2022-07-03 15:52:20,059] {logging_mixin.py:115} INFO - [2022-07-03 15:52:20,059] {dag.py:2379} INFO - Sync 3 DAGs
[2022-07-03 15:52:20,075] {logging_mixin.py:115} INFO - [2022-07-03 15:52:20,075] {dag.py:2931} INFO - Setting next_dagrun for example_subdag_operator to 2022-01-01T00:00:00+00:00, run_after=2022-01-01T00:00:00+00:00
[2022-07-03 15:52:20,076] {logging_mixin.py:115} INFO - [2022-07-03 15:52:20,076] {dag.py:2931} INFO - Setting next_dagrun for example_subdag_operator.section-1 to None, run_after=None
[2022-07-03 15:52:20,076] {logging_mixin.py:115} INFO - [2022-07-03 15:52:20,076] {dag.py:2931} INFO - Setting next_dagrun for example_subdag_operator.section-2 to None, run_after=None
[2022-07-03 15:52:20,081] {logging_mixin.py:115} INFO - [2022-07-03 15:52:20,081] {dag.py:2379} INFO - Sync 2 DAGs
[2022-07-03 15:52:20,085] {logging_mixin.py:115} INFO - [2022-07-03 15:52:20,085] {dag.py:2931} INFO - Setting next_dagrun for example_subdag_operator.section-1 to None, run_after=None
[2022-07-03 15:52:20,085] {logging_mixin.py:115} INFO - [2022-07-03 15:52:20,085] {dag.py:2931} INFO - Setting next_dagrun for example_subdag_operator.section-2 to None, run_after=None
[2022-07-03 15:52:20,093] {processor.py:161} INFO - Processing /home/airflow/.local/lib/python3.7/site-packages/airflow/example_dags/example_subdag_operator.py took 0.074 seconds
[2022-07-03 15:52:50,384] {processor.py:153} INFO - Started process (PID=684) to work on /home/airflow/.local/lib/python3.7/site-packages/airflow/example_dags/example_subdag_operator.py
[2022-07-03 15:52:50,385] {processor.py:641} INFO - Processing file /home/airflow/.local/lib/python3.7/site-packages/airflow/example_dags/example_subdag_operator.py for tasks to queue
[2022-07-03 15:52:50,385] {logging_mixin.py:115} INFO - [2022-07-03 15:52:50,385] {dagbag.py:507} INFO - Filling up the DagBag from /home/airflow/.local/lib/python3.7/site-packages/airflow/example_dags/example_subdag_operator.py
[2022-07-03 15:52:50,404] {processor.py:651} INFO - DAG(s) dict_keys(['example_subdag_operator.section-1', 'example_subdag_operator.section-2', 'example_subdag_operator']) retrieved from /home/airflow/.local/lib/python3.7/site-packages/airflow/example_dags/example_subdag_operator.py
[2022-07-03 15:52:50,428] {logging_mixin.py:115} INFO - [2022-07-03 15:52:50,428] {dag.py:2379} INFO - Sync 3 DAGs
[2022-07-03 15:52:50,444] {logging_mixin.py:115} INFO - [2022-07-03 15:52:50,444] {dag.py:2931} INFO - Setting next_dagrun for example_subdag_operator to 2022-01-01T00:00:00+00:00, run_after=2022-01-01T00:00:00+00:00
[2022-07-03 15:52:50,445] {logging_mixin.py:115} INFO - [2022-07-03 15:52:50,445] {dag.py:2931} INFO - Setting next_dagrun for example_subdag_operator.section-1 to None, run_after=None
[2022-07-03 15:52:50,445] {logging_mixin.py:115} INFO - [2022-07-03 15:52:50,445] {dag.py:2931} INFO - Setting next_dagrun for example_subdag_operator.section-2 to None, run_after=None
[2022-07-03 15:52:50,450] {logging_mixin.py:115} INFO - [2022-07-03 15:52:50,450] {dag.py:2379} INFO - Sync 2 DAGs
[2022-07-03 15:52:50,455] {logging_mixin.py:115} INFO - [2022-07-03 15:52:50,455] {dag.py:2931} INFO - Setting next_dagrun for example_subdag_operator.section-1 to None, run_after=None
[2022-07-03 15:52:50,455] {logging_mixin.py:115} INFO - [2022-07-03 15:52:50,455] {dag.py:2931} INFO - Setting next_dagrun for example_subdag_operator.section-2 to None, run_after=None
[2022-07-03 15:52:50,463] {processor.py:161} INFO - Processing /home/airflow/.local/lib/python3.7/site-packages/airflow/example_dags/example_subdag_operator.py took 0.081 seconds
[2022-07-03 15:53:20,686] {processor.py:153} INFO - Started process (PID=881) to work on /home/airflow/.local/lib/python3.7/site-packages/airflow/example_dags/example_subdag_operator.py
[2022-07-03 15:53:20,687] {processor.py:641} INFO - Processing file /home/airflow/.local/lib/python3.7/site-packages/airflow/example_dags/example_subdag_operator.py for tasks to queue
[2022-07-03 15:53:20,687] {logging_mixin.py:115} INFO - [2022-07-03 15:53:20,687] {dagbag.py:507} INFO - Filling up the DagBag from /home/airflow/.local/lib/python3.7/site-packages/airflow/example_dags/example_subdag_operator.py
[2022-07-03 15:53:20,701] {processor.py:651} INFO - DAG(s) dict_keys(['example_subdag_operator.section-1', 'example_subdag_operator.section-2', 'example_subdag_operator']) retrieved from /home/airflow/.local/lib/python3.7/site-packages/airflow/example_dags/example_subdag_operator.py
[2022-07-03 15:53:20,721] {logging_mixin.py:115} INFO - [2022-07-03 15:53:20,721] {dag.py:2379} INFO - Sync 3 DAGs
[2022-07-03 15:53:20,735] {logging_mixin.py:115} INFO - [2022-07-03 15:53:20,735] {dag.py:2931} INFO - Setting next_dagrun for example_subdag_operator to 2022-01-01T00:00:00+00:00, run_after=2022-01-01T00:00:00+00:00
[2022-07-03 15:53:20,735] {logging_mixin.py:115} INFO - [2022-07-03 15:53:20,735] {dag.py:2931} INFO - Setting next_dagrun for example_subdag_operator.section-1 to None, run_after=None
[2022-07-03 15:53:20,736] {logging_mixin.py:115} INFO - [2022-07-03 15:53:20,736] {dag.py:2931} INFO - Setting next_dagrun for example_subdag_operator.section-2 to None, run_after=None
[2022-07-03 15:53:20,740] {logging_mixin.py:115} INFO - [2022-07-03 15:53:20,740] {dag.py:2379} INFO - Sync 2 DAGs
[2022-07-03 15:53:20,743] {logging_mixin.py:115} INFO - [2022-07-03 15:53:20,743] {dag.py:2931} INFO - Setting next_dagrun for example_subdag_operator.section-1 to None, run_after=None
[2022-07-03 15:53:20,743] {logging_mixin.py:115} INFO - [2022-07-03 15:53:20,743] {dag.py:2931} INFO - Setting next_dagrun for example_subdag_operator.section-2 to None, run_after=None
[2022-07-03 15:53:20,749] {processor.py:161} INFO - Processing /home/airflow/.local/lib/python3.7/site-packages/airflow/example_dags/example_subdag_operator.py took 0.064 seconds
[2022-07-03 15:53:50,935] {processor.py:153} INFO - Started process (PID=1087) to work on /home/airflow/.local/lib/python3.7/site-packages/airflow/example_dags/example_subdag_operator.py
[2022-07-03 15:53:50,935] {processor.py:641} INFO - Processing file /home/airflow/.local/lib/python3.7/site-packages/airflow/example_dags/example_subdag_operator.py for tasks to queue
[2022-07-03 15:53:50,936] {logging_mixin.py:115} INFO - [2022-07-03 15:53:50,936] {dagbag.py:507} INFO - Filling up the DagBag from /home/airflow/.local/lib/python3.7/site-packages/airflow/example_dags/example_subdag_operator.py
[2022-07-03 15:53:50,949] {processor.py:651} INFO - DAG(s) dict_keys(['example_subdag_operator.section-1', 'example_subdag_operator.section-2', 'example_subdag_operator']) retrieved from /home/airflow/.local/lib/python3.7/site-packages/airflow/example_dags/example_subdag_operator.py
[2022-07-03 15:53:50,969] {logging_mixin.py:115} INFO - [2022-07-03 15:53:50,969] {dag.py:2379} INFO - Sync 3 DAGs
[2022-07-03 15:53:50,983] {logging_mixin.py:115} INFO - [2022-07-03 15:53:50,983] {dag.py:2931} INFO - Setting next_dagrun for example_subdag_operator to 2022-01-01T00:00:00+00:00, run_after=2022-01-01T00:00:00+00:00
[2022-07-03 15:53:50,983] {logging_mixin.py:115} INFO - [2022-07-03 15:53:50,983] {dag.py:2931} INFO - Setting next_dagrun for example_subdag_operator.section-1 to None, run_after=None
[2022-07-03 15:53:50,983] {logging_mixin.py:115} INFO - [2022-07-03 15:53:50,983] {dag.py:2931} INFO - Setting next_dagrun for example_subdag_operator.section-2 to None, run_after=None
[2022-07-03 15:53:50,987] {logging_mixin.py:115} INFO - [2022-07-03 15:53:50,987] {dag.py:2379} INFO - Sync 2 DAGs
[2022-07-03 15:53:50,990] {logging_mixin.py:115} INFO - [2022-07-03 15:53:50,990] {dag.py:2931} INFO - Setting next_dagrun for example_subdag_operator.section-1 to None, run_after=None
[2022-07-03 15:53:50,990] {logging_mixin.py:115} INFO - [2022-07-03 15:53:50,990] {dag.py:2931} INFO - Setting next_dagrun for example_subdag_operator.section-2 to None, run_after=None
[2022-07-03 15:53:50,996] {processor.py:161} INFO - Processing /home/airflow/.local/lib/python3.7/site-packages/airflow/example_dags/example_subdag_operator.py took 0.063 seconds
