[2022-07-03 15:51:49,197] {processor.py:153} INFO - Started process (PID=252) to work on /home/airflow/.local/lib/python3.7/site-packages/airflow/example_dags/example_python_operator.py
[2022-07-03 15:51:49,197] {processor.py:641} INFO - Processing file /home/airflow/.local/lib/python3.7/site-packages/airflow/example_dags/example_python_operator.py for tasks to queue
[2022-07-03 15:51:49,197] {logging_mixin.py:115} INFO - [2022-07-03 15:51:49,197] {dagbag.py:507} INFO - Filling up the DagBag from /home/airflow/.local/lib/python3.7/site-packages/airflow/example_dags/example_python_operator.py
[2022-07-03 15:51:49,209] {processor.py:651} INFO - DAG(s) dict_keys(['example_python_operator']) retrieved from /home/airflow/.local/lib/python3.7/site-packages/airflow/example_dags/example_python_operator.py
[2022-07-03 15:51:49,279] {logging_mixin.py:115} INFO - [2022-07-03 15:51:49,279] {manager.py:508} INFO - Created Permission View: can delete on DAG:example_python_operator
[2022-07-03 15:51:49,290] {logging_mixin.py:115} INFO - [2022-07-03 15:51:49,290] {manager.py:508} INFO - Created Permission View: can edit on DAG:example_python_operator
[2022-07-03 15:51:49,296] {logging_mixin.py:115} INFO - [2022-07-03 15:51:49,296] {manager.py:508} INFO - Created Permission View: can read on DAG:example_python_operator
[2022-07-03 15:51:49,296] {logging_mixin.py:115} INFO - [2022-07-03 15:51:49,296] {dag.py:2379} INFO - Sync 1 DAGs
[2022-07-03 15:51:49,301] {logging_mixin.py:115} INFO - [2022-07-03 15:51:49,301] {dag.py:2398} INFO - Creating ORM DAG for example_python_operator
[2022-07-03 15:51:49,309] {logging_mixin.py:115} INFO - [2022-07-03 15:51:49,309] {dag.py:2931} INFO - Setting next_dagrun for example_python_operator to None, run_after=None
[2022-07-03 15:51:49,320] {processor.py:161} INFO - Processing /home/airflow/.local/lib/python3.7/site-packages/airflow/example_dags/example_python_operator.py took 0.124 seconds
[2022-07-03 15:52:19,900] {processor.py:153} INFO - Started process (PID=449) to work on /home/airflow/.local/lib/python3.7/site-packages/airflow/example_dags/example_python_operator.py
[2022-07-03 15:52:19,900] {processor.py:641} INFO - Processing file /home/airflow/.local/lib/python3.7/site-packages/airflow/example_dags/example_python_operator.py for tasks to queue
[2022-07-03 15:52:19,900] {logging_mixin.py:115} INFO - [2022-07-03 15:52:19,900] {dagbag.py:507} INFO - Filling up the DagBag from /home/airflow/.local/lib/python3.7/site-packages/airflow/example_dags/example_python_operator.py
[2022-07-03 15:52:19,911] {processor.py:651} INFO - DAG(s) dict_keys(['example_python_operator']) retrieved from /home/airflow/.local/lib/python3.7/site-packages/airflow/example_dags/example_python_operator.py
[2022-07-03 15:52:19,926] {logging_mixin.py:115} INFO - [2022-07-03 15:52:19,926] {dag.py:2379} INFO - Sync 1 DAGs
[2022-07-03 15:52:19,940] {logging_mixin.py:115} INFO - [2022-07-03 15:52:19,940] {dag.py:2931} INFO - Setting next_dagrun for example_python_operator to None, run_after=None
[2022-07-03 15:52:19,950] {processor.py:161} INFO - Processing /home/airflow/.local/lib/python3.7/site-packages/airflow/example_dags/example_python_operator.py took 0.052 seconds
[2022-07-03 15:52:50,239] {processor.py:153} INFO - Started process (PID=664) to work on /home/airflow/.local/lib/python3.7/site-packages/airflow/example_dags/example_python_operator.py
[2022-07-03 15:52:50,239] {processor.py:641} INFO - Processing file /home/airflow/.local/lib/python3.7/site-packages/airflow/example_dags/example_python_operator.py for tasks to queue
[2022-07-03 15:52:50,240] {logging_mixin.py:115} INFO - [2022-07-03 15:52:50,240] {dagbag.py:507} INFO - Filling up the DagBag from /home/airflow/.local/lib/python3.7/site-packages/airflow/example_dags/example_python_operator.py
[2022-07-03 15:52:50,253] {processor.py:651} INFO - DAG(s) dict_keys(['example_python_operator']) retrieved from /home/airflow/.local/lib/python3.7/site-packages/airflow/example_dags/example_python_operator.py
[2022-07-03 15:52:50,274] {logging_mixin.py:115} INFO - [2022-07-03 15:52:50,274] {dag.py:2379} INFO - Sync 1 DAGs
[2022-07-03 15:52:50,291] {logging_mixin.py:115} INFO - [2022-07-03 15:52:50,291] {dag.py:2931} INFO - Setting next_dagrun for example_python_operator to None, run_after=None
[2022-07-03 15:52:50,302] {processor.py:161} INFO - Processing /home/airflow/.local/lib/python3.7/site-packages/airflow/example_dags/example_python_operator.py took 0.065 seconds
[2022-07-03 15:53:20,572] {processor.py:153} INFO - Started process (PID=861) to work on /home/airflow/.local/lib/python3.7/site-packages/airflow/example_dags/example_python_operator.py
[2022-07-03 15:53:20,572] {processor.py:641} INFO - Processing file /home/airflow/.local/lib/python3.7/site-packages/airflow/example_dags/example_python_operator.py for tasks to queue
[2022-07-03 15:53:20,573] {logging_mixin.py:115} INFO - [2022-07-03 15:53:20,572] {dagbag.py:507} INFO - Filling up the DagBag from /home/airflow/.local/lib/python3.7/site-packages/airflow/example_dags/example_python_operator.py
[2022-07-03 15:53:20,583] {processor.py:651} INFO - DAG(s) dict_keys(['example_python_operator']) retrieved from /home/airflow/.local/lib/python3.7/site-packages/airflow/example_dags/example_python_operator.py
[2022-07-03 15:53:20,599] {logging_mixin.py:115} INFO - [2022-07-03 15:53:20,599] {dag.py:2379} INFO - Sync 1 DAGs
[2022-07-03 15:53:20,613] {logging_mixin.py:115} INFO - [2022-07-03 15:53:20,613] {dag.py:2931} INFO - Setting next_dagrun for example_python_operator to None, run_after=None
[2022-07-03 15:53:20,621] {processor.py:161} INFO - Processing /home/airflow/.local/lib/python3.7/site-packages/airflow/example_dags/example_python_operator.py took 0.051 seconds
[2022-07-03 15:53:50,812] {processor.py:153} INFO - Started process (PID=1067) to work on /home/airflow/.local/lib/python3.7/site-packages/airflow/example_dags/example_python_operator.py
[2022-07-03 15:53:50,813] {processor.py:641} INFO - Processing file /home/airflow/.local/lib/python3.7/site-packages/airflow/example_dags/example_python_operator.py for tasks to queue
[2022-07-03 15:53:50,813] {logging_mixin.py:115} INFO - [2022-07-03 15:53:50,813] {dagbag.py:507} INFO - Filling up the DagBag from /home/airflow/.local/lib/python3.7/site-packages/airflow/example_dags/example_python_operator.py
[2022-07-03 15:53:50,824] {processor.py:651} INFO - DAG(s) dict_keys(['example_python_operator']) retrieved from /home/airflow/.local/lib/python3.7/site-packages/airflow/example_dags/example_python_operator.py
[2022-07-03 15:53:50,841] {logging_mixin.py:115} INFO - [2022-07-03 15:53:50,841] {dag.py:2379} INFO - Sync 1 DAGs
[2022-07-03 15:53:50,857] {logging_mixin.py:115} INFO - [2022-07-03 15:53:50,857] {dag.py:2931} INFO - Setting next_dagrun for example_python_operator to None, run_after=None
[2022-07-03 15:53:50,866] {processor.py:161} INFO - Processing /home/airflow/.local/lib/python3.7/site-packages/airflow/example_dags/example_python_operator.py took 0.056 seconds
