[2022-07-03 15:51:48,676] {processor.py:153} INFO - Started process (PID=217) to work on /home/airflow/.local/lib/python3.7/site-packages/airflow/example_dags/example_external_task_marker_dag.py
[2022-07-03 15:51:48,676] {processor.py:641} INFO - Processing file /home/airflow/.local/lib/python3.7/site-packages/airflow/example_dags/example_external_task_marker_dag.py for tasks to queue
[2022-07-03 15:51:48,677] {logging_mixin.py:115} INFO - [2022-07-03 15:51:48,677] {dagbag.py:507} INFO - Filling up the DagBag from /home/airflow/.local/lib/python3.7/site-packages/airflow/example_dags/example_external_task_marker_dag.py
[2022-07-03 15:51:48,680] {processor.py:651} INFO - DAG(s) dict_keys(['example_external_task_marker_parent', 'example_external_task_marker_child']) retrieved from /home/airflow/.local/lib/python3.7/site-packages/airflow/example_dags/example_external_task_marker_dag.py
[2022-07-03 15:51:48,736] {logging_mixin.py:115} INFO - [2022-07-03 15:51:48,736] {manager.py:508} INFO - Created Permission View: can delete on DAG:example_external_task_marker_parent
[2022-07-03 15:51:48,746] {logging_mixin.py:115} INFO - [2022-07-03 15:51:48,746] {manager.py:508} INFO - Created Permission View: can edit on DAG:example_external_task_marker_parent
[2022-07-03 15:51:48,753] {logging_mixin.py:115} INFO - [2022-07-03 15:51:48,753] {manager.py:508} INFO - Created Permission View: can read on DAG:example_external_task_marker_parent
[2022-07-03 15:51:48,775] {logging_mixin.py:115} INFO - [2022-07-03 15:51:48,775] {manager.py:508} INFO - Created Permission View: can delete on DAG:example_external_task_marker_child
[2022-07-03 15:51:48,782] {logging_mixin.py:115} INFO - [2022-07-03 15:51:48,782] {manager.py:508} INFO - Created Permission View: can edit on DAG:example_external_task_marker_child
[2022-07-03 15:51:48,789] {logging_mixin.py:115} INFO - [2022-07-03 15:51:48,789] {manager.py:508} INFO - Created Permission View: can read on DAG:example_external_task_marker_child
[2022-07-03 15:51:48,789] {logging_mixin.py:115} INFO - [2022-07-03 15:51:48,789] {dag.py:2379} INFO - Sync 2 DAGs
[2022-07-03 15:51:48,795] {logging_mixin.py:115} INFO - [2022-07-03 15:51:48,795] {dag.py:2398} INFO - Creating ORM DAG for example_external_task_marker_parent
[2022-07-03 15:51:48,795] {logging_mixin.py:115} INFO - [2022-07-03 15:51:48,795] {dag.py:2398} INFO - Creating ORM DAG for example_external_task_marker_child
[2022-07-03 15:51:48,803] {logging_mixin.py:115} INFO - [2022-07-03 15:51:48,803] {dag.py:2931} INFO - Setting next_dagrun for example_external_task_marker_child to None, run_after=None
[2022-07-03 15:51:48,804] {logging_mixin.py:115} INFO - [2022-07-03 15:51:48,804] {dag.py:2931} INFO - Setting next_dagrun for example_external_task_marker_parent to None, run_after=None
[2022-07-03 15:51:48,815] {processor.py:161} INFO - Processing /home/airflow/.local/lib/python3.7/site-packages/airflow/example_dags/example_external_task_marker_dag.py took 0.141 seconds
[2022-07-03 15:52:19,693] {processor.py:153} INFO - Started process (PID=414) to work on /home/airflow/.local/lib/python3.7/site-packages/airflow/example_dags/example_external_task_marker_dag.py
[2022-07-03 15:52:19,693] {processor.py:641} INFO - Processing file /home/airflow/.local/lib/python3.7/site-packages/airflow/example_dags/example_external_task_marker_dag.py for tasks to queue
[2022-07-03 15:52:19,693] {logging_mixin.py:115} INFO - [2022-07-03 15:52:19,693] {dagbag.py:507} INFO - Filling up the DagBag from /home/airflow/.local/lib/python3.7/site-packages/airflow/example_dags/example_external_task_marker_dag.py
[2022-07-03 15:52:19,695] {processor.py:651} INFO - DAG(s) dict_keys(['example_external_task_marker_parent', 'example_external_task_marker_child']) retrieved from /home/airflow/.local/lib/python3.7/site-packages/airflow/example_dags/example_external_task_marker_dag.py
[2022-07-03 15:52:19,723] {logging_mixin.py:115} INFO - [2022-07-03 15:52:19,723] {dag.py:2379} INFO - Sync 2 DAGs
[2022-07-03 15:52:19,738] {logging_mixin.py:115} INFO - [2022-07-03 15:52:19,738] {dag.py:2931} INFO - Setting next_dagrun for example_external_task_marker_child to None, run_after=None
[2022-07-03 15:52:19,738] {logging_mixin.py:115} INFO - [2022-07-03 15:52:19,738] {dag.py:2931} INFO - Setting next_dagrun for example_external_task_marker_parent to None, run_after=None
[2022-07-03 15:52:19,747] {processor.py:161} INFO - Processing /home/airflow/.local/lib/python3.7/site-packages/airflow/example_dags/example_external_task_marker_dag.py took 0.056 seconds
[2022-07-03 15:52:49,979] {processor.py:153} INFO - Started process (PID=629) to work on /home/airflow/.local/lib/python3.7/site-packages/airflow/example_dags/example_external_task_marker_dag.py
[2022-07-03 15:52:49,979] {processor.py:641} INFO - Processing file /home/airflow/.local/lib/python3.7/site-packages/airflow/example_dags/example_external_task_marker_dag.py for tasks to queue
[2022-07-03 15:52:49,980] {logging_mixin.py:115} INFO - [2022-07-03 15:52:49,980] {dagbag.py:507} INFO - Filling up the DagBag from /home/airflow/.local/lib/python3.7/site-packages/airflow/example_dags/example_external_task_marker_dag.py
[2022-07-03 15:52:49,983] {processor.py:651} INFO - DAG(s) dict_keys(['example_external_task_marker_parent', 'example_external_task_marker_child']) retrieved from /home/airflow/.local/lib/python3.7/site-packages/airflow/example_dags/example_external_task_marker_dag.py
[2022-07-03 15:52:50,020] {logging_mixin.py:115} INFO - [2022-07-03 15:52:50,020] {dag.py:2379} INFO - Sync 2 DAGs
[2022-07-03 15:52:50,038] {logging_mixin.py:115} INFO - [2022-07-03 15:52:50,038] {dag.py:2931} INFO - Setting next_dagrun for example_external_task_marker_child to None, run_after=None
[2022-07-03 15:52:50,038] {logging_mixin.py:115} INFO - [2022-07-03 15:52:50,038] {dag.py:2931} INFO - Setting next_dagrun for example_external_task_marker_parent to None, run_after=None
[2022-07-03 15:52:50,049] {processor.py:161} INFO - Processing /home/airflow/.local/lib/python3.7/site-packages/airflow/example_dags/example_external_task_marker_dag.py took 0.071 seconds
[2022-07-03 15:53:20,364] {processor.py:153} INFO - Started process (PID=826) to work on /home/airflow/.local/lib/python3.7/site-packages/airflow/example_dags/example_external_task_marker_dag.py
[2022-07-03 15:53:20,364] {processor.py:641} INFO - Processing file /home/airflow/.local/lib/python3.7/site-packages/airflow/example_dags/example_external_task_marker_dag.py for tasks to queue
[2022-07-03 15:53:20,365] {logging_mixin.py:115} INFO - [2022-07-03 15:53:20,365] {dagbag.py:507} INFO - Filling up the DagBag from /home/airflow/.local/lib/python3.7/site-packages/airflow/example_dags/example_external_task_marker_dag.py
[2022-07-03 15:53:20,367] {processor.py:651} INFO - DAG(s) dict_keys(['example_external_task_marker_parent', 'example_external_task_marker_child']) retrieved from /home/airflow/.local/lib/python3.7/site-packages/airflow/example_dags/example_external_task_marker_dag.py
[2022-07-03 15:53:20,394] {logging_mixin.py:115} INFO - [2022-07-03 15:53:20,394] {dag.py:2379} INFO - Sync 2 DAGs
[2022-07-03 15:53:20,407] {logging_mixin.py:115} INFO - [2022-07-03 15:53:20,407] {dag.py:2931} INFO - Setting next_dagrun for example_external_task_marker_child to None, run_after=None
[2022-07-03 15:53:20,407] {logging_mixin.py:115} INFO - [2022-07-03 15:53:20,407] {dag.py:2931} INFO - Setting next_dagrun for example_external_task_marker_parent to None, run_after=None
[2022-07-03 15:53:20,416] {processor.py:161} INFO - Processing /home/airflow/.local/lib/python3.7/site-packages/airflow/example_dags/example_external_task_marker_dag.py took 0.054 seconds
[2022-07-03 15:53:50,603] {processor.py:153} INFO - Started process (PID=1032) to work on /home/airflow/.local/lib/python3.7/site-packages/airflow/example_dags/example_external_task_marker_dag.py
[2022-07-03 15:53:50,604] {processor.py:641} INFO - Processing file /home/airflow/.local/lib/python3.7/site-packages/airflow/example_dags/example_external_task_marker_dag.py for tasks to queue
[2022-07-03 15:53:50,604] {logging_mixin.py:115} INFO - [2022-07-03 15:53:50,604] {dagbag.py:507} INFO - Filling up the DagBag from /home/airflow/.local/lib/python3.7/site-packages/airflow/example_dags/example_external_task_marker_dag.py
[2022-07-03 15:53:50,606] {processor.py:651} INFO - DAG(s) dict_keys(['example_external_task_marker_parent', 'example_external_task_marker_child']) retrieved from /home/airflow/.local/lib/python3.7/site-packages/airflow/example_dags/example_external_task_marker_dag.py
[2022-07-03 15:53:50,633] {logging_mixin.py:115} INFO - [2022-07-03 15:53:50,633] {dag.py:2379} INFO - Sync 2 DAGs
[2022-07-03 15:53:50,648] {logging_mixin.py:115} INFO - [2022-07-03 15:53:50,647] {dag.py:2931} INFO - Setting next_dagrun for example_external_task_marker_child to None, run_after=None
[2022-07-03 15:53:50,648] {logging_mixin.py:115} INFO - [2022-07-03 15:53:50,648] {dag.py:2931} INFO - Setting next_dagrun for example_external_task_marker_parent to None, run_after=None
[2022-07-03 15:53:50,657] {processor.py:161} INFO - Processing /home/airflow/.local/lib/python3.7/site-packages/airflow/example_dags/example_external_task_marker_dag.py took 0.055 seconds
