[2022-07-03 15:51:48,414] {processor.py:153} INFO - Started process (PID=202) to work on /home/airflow/.local/lib/python3.7/site-packages/airflow/example_dags/example_branch_python_dop_operator_3.py
[2022-07-03 15:51:48,414] {processor.py:641} INFO - Processing file /home/airflow/.local/lib/python3.7/site-packages/airflow/example_dags/example_branch_python_dop_operator_3.py for tasks to queue
[2022-07-03 15:51:48,414] {logging_mixin.py:115} INFO - [2022-07-03 15:51:48,414] {dagbag.py:507} INFO - Filling up the DagBag from /home/airflow/.local/lib/python3.7/site-packages/airflow/example_dags/example_branch_python_dop_operator_3.py
[2022-07-03 15:51:48,420] {processor.py:651} INFO - DAG(s) dict_keys(['example_branch_dop_operator_v3']) retrieved from /home/airflow/.local/lib/python3.7/site-packages/airflow/example_dags/example_branch_python_dop_operator_3.py
[2022-07-03 15:51:48,476] {logging_mixin.py:115} INFO - [2022-07-03 15:51:48,476] {manager.py:508} INFO - Created Permission View: can delete on DAG:example_branch_dop_operator_v3
[2022-07-03 15:51:48,486] {logging_mixin.py:115} INFO - [2022-07-03 15:51:48,486] {manager.py:508} INFO - Created Permission View: can edit on DAG:example_branch_dop_operator_v3
[2022-07-03 15:51:48,495] {logging_mixin.py:115} INFO - [2022-07-03 15:51:48,495] {manager.py:508} INFO - Created Permission View: can read on DAG:example_branch_dop_operator_v3
[2022-07-03 15:51:48,495] {logging_mixin.py:115} INFO - [2022-07-03 15:51:48,495] {dag.py:2379} INFO - Sync 1 DAGs
[2022-07-03 15:51:48,501] {logging_mixin.py:115} INFO - [2022-07-03 15:51:48,501] {dag.py:2398} INFO - Creating ORM DAG for example_branch_dop_operator_v3
[2022-07-03 15:51:48,513] {logging_mixin.py:115} INFO - [2022-07-03 15:51:48,513] {dag.py:2931} INFO - Setting next_dagrun for example_branch_dop_operator_v3 to 2022-07-03T15:50:00+00:00, run_after=2022-07-03T15:51:00+00:00
[2022-07-03 15:51:48,524] {processor.py:161} INFO - Processing /home/airflow/.local/lib/python3.7/site-packages/airflow/example_dags/example_branch_python_dop_operator_3.py took 0.113 seconds
[2022-07-03 15:52:18,549] {processor.py:153} INFO - Started process (PID=399) to work on /home/airflow/.local/lib/python3.7/site-packages/airflow/example_dags/example_branch_python_dop_operator_3.py
[2022-07-03 15:52:18,549] {processor.py:641} INFO - Processing file /home/airflow/.local/lib/python3.7/site-packages/airflow/example_dags/example_branch_python_dop_operator_3.py for tasks to queue
[2022-07-03 15:52:18,549] {logging_mixin.py:115} INFO - [2022-07-03 15:52:18,549] {dagbag.py:507} INFO - Filling up the DagBag from /home/airflow/.local/lib/python3.7/site-packages/airflow/example_dags/example_branch_python_dop_operator_3.py
[2022-07-03 15:52:18,555] {processor.py:651} INFO - DAG(s) dict_keys(['example_branch_dop_operator_v3']) retrieved from /home/airflow/.local/lib/python3.7/site-packages/airflow/example_dags/example_branch_python_dop_operator_3.py
[2022-07-03 15:52:18,568] {logging_mixin.py:115} INFO - [2022-07-03 15:52:18,568] {dag.py:2379} INFO - Sync 1 DAGs
[2022-07-03 15:52:18,586] {logging_mixin.py:115} INFO - [2022-07-03 15:52:18,586] {dag.py:2931} INFO - Setting next_dagrun for example_branch_dop_operator_v3 to 2022-07-03T15:51:00+00:00, run_after=2022-07-03T15:52:00+00:00
[2022-07-03 15:52:18,595] {processor.py:161} INFO - Processing /home/airflow/.local/lib/python3.7/site-packages/airflow/example_dags/example_branch_python_dop_operator_3.py took 0.047 seconds
[2022-07-03 15:52:48,818] {processor.py:153} INFO - Started process (PID=614) to work on /home/airflow/.local/lib/python3.7/site-packages/airflow/example_dags/example_branch_python_dop_operator_3.py
[2022-07-03 15:52:48,818] {processor.py:641} INFO - Processing file /home/airflow/.local/lib/python3.7/site-packages/airflow/example_dags/example_branch_python_dop_operator_3.py for tasks to queue
[2022-07-03 15:52:48,819] {logging_mixin.py:115} INFO - [2022-07-03 15:52:48,819] {dagbag.py:507} INFO - Filling up the DagBag from /home/airflow/.local/lib/python3.7/site-packages/airflow/example_dags/example_branch_python_dop_operator_3.py
[2022-07-03 15:52:48,825] {processor.py:651} INFO - DAG(s) dict_keys(['example_branch_dop_operator_v3']) retrieved from /home/airflow/.local/lib/python3.7/site-packages/airflow/example_dags/example_branch_python_dop_operator_3.py
[2022-07-03 15:52:48,841] {logging_mixin.py:115} INFO - [2022-07-03 15:52:48,841] {dag.py:2379} INFO - Sync 1 DAGs
[2022-07-03 15:52:48,864] {logging_mixin.py:115} INFO - [2022-07-03 15:52:48,864] {dag.py:2931} INFO - Setting next_dagrun for example_branch_dop_operator_v3 to 2022-07-03T15:51:00+00:00, run_after=2022-07-03T15:52:00+00:00
[2022-07-03 15:52:48,874] {processor.py:161} INFO - Processing /home/airflow/.local/lib/python3.7/site-packages/airflow/example_dags/example_branch_python_dop_operator_3.py took 0.058 seconds
[2022-07-03 15:53:19,222] {processor.py:153} INFO - Started process (PID=802) to work on /home/airflow/.local/lib/python3.7/site-packages/airflow/example_dags/example_branch_python_dop_operator_3.py
[2022-07-03 15:53:19,222] {processor.py:641} INFO - Processing file /home/airflow/.local/lib/python3.7/site-packages/airflow/example_dags/example_branch_python_dop_operator_3.py for tasks to queue
[2022-07-03 15:53:19,222] {logging_mixin.py:115} INFO - [2022-07-03 15:53:19,222] {dagbag.py:507} INFO - Filling up the DagBag from /home/airflow/.local/lib/python3.7/site-packages/airflow/example_dags/example_branch_python_dop_operator_3.py
[2022-07-03 15:53:19,228] {processor.py:651} INFO - DAG(s) dict_keys(['example_branch_dop_operator_v3']) retrieved from /home/airflow/.local/lib/python3.7/site-packages/airflow/example_dags/example_branch_python_dop_operator_3.py
[2022-07-03 15:53:19,242] {logging_mixin.py:115} INFO - [2022-07-03 15:53:19,242] {dag.py:2379} INFO - Sync 1 DAGs
[2022-07-03 15:53:19,262] {logging_mixin.py:115} INFO - [2022-07-03 15:53:19,262] {dag.py:2931} INFO - Setting next_dagrun for example_branch_dop_operator_v3 to 2022-07-03T15:52:00+00:00, run_after=2022-07-03T15:53:00+00:00
[2022-07-03 15:53:19,271] {processor.py:161} INFO - Processing /home/airflow/.local/lib/python3.7/site-packages/airflow/example_dags/example_branch_python_dop_operator_3.py took 0.051 seconds
[2022-07-03 15:53:49,475] {processor.py:153} INFO - Started process (PID=1017) to work on /home/airflow/.local/lib/python3.7/site-packages/airflow/example_dags/example_branch_python_dop_operator_3.py
[2022-07-03 15:53:49,476] {processor.py:641} INFO - Processing file /home/airflow/.local/lib/python3.7/site-packages/airflow/example_dags/example_branch_python_dop_operator_3.py for tasks to queue
[2022-07-03 15:53:49,477] {logging_mixin.py:115} INFO - [2022-07-03 15:53:49,477] {dagbag.py:507} INFO - Filling up the DagBag from /home/airflow/.local/lib/python3.7/site-packages/airflow/example_dags/example_branch_python_dop_operator_3.py
[2022-07-03 15:53:49,482] {processor.py:651} INFO - DAG(s) dict_keys(['example_branch_dop_operator_v3']) retrieved from /home/airflow/.local/lib/python3.7/site-packages/airflow/example_dags/example_branch_python_dop_operator_3.py
[2022-07-03 15:53:49,496] {logging_mixin.py:115} INFO - [2022-07-03 15:53:49,496] {dag.py:2379} INFO - Sync 1 DAGs
[2022-07-03 15:53:49,514] {logging_mixin.py:115} INFO - [2022-07-03 15:53:49,514] {dag.py:2931} INFO - Setting next_dagrun for example_branch_dop_operator_v3 to 2022-07-03T15:52:00+00:00, run_after=2022-07-03T15:53:00+00:00
[2022-07-03 15:53:49,523] {processor.py:161} INFO - Processing /home/airflow/.local/lib/python3.7/site-packages/airflow/example_dags/example_branch_python_dop_operator_3.py took 0.049 seconds
