[2022-07-03 15:51:48,828] {processor.py:153} INFO - Started process (PID=227) to work on /home/airflow/.local/lib/python3.7/site-packages/airflow/example_dags/example_latest_only.py
[2022-07-03 15:51:48,828] {processor.py:641} INFO - Processing file /home/airflow/.local/lib/python3.7/site-packages/airflow/example_dags/example_latest_only.py for tasks to queue
[2022-07-03 15:51:48,828] {logging_mixin.py:115} INFO - [2022-07-03 15:51:48,828] {dagbag.py:507} INFO - Filling up the DagBag from /home/airflow/.local/lib/python3.7/site-packages/airflow/example_dags/example_latest_only.py
[2022-07-03 15:51:48,832] {processor.py:651} INFO - DAG(s) dict_keys(['latest_only']) retrieved from /home/airflow/.local/lib/python3.7/site-packages/airflow/example_dags/example_latest_only.py
[2022-07-03 15:51:48,889] {logging_mixin.py:115} INFO - [2022-07-03 15:51:48,889] {manager.py:508} INFO - Created Permission View: can delete on DAG:latest_only
[2022-07-03 15:51:48,898] {logging_mixin.py:115} INFO - [2022-07-03 15:51:48,897] {manager.py:508} INFO - Created Permission View: can edit on DAG:latest_only
[2022-07-03 15:51:48,904] {logging_mixin.py:115} INFO - [2022-07-03 15:51:48,904] {manager.py:508} INFO - Created Permission View: can read on DAG:latest_only
[2022-07-03 15:51:48,904] {logging_mixin.py:115} INFO - [2022-07-03 15:51:48,904] {dag.py:2379} INFO - Sync 1 DAGs
[2022-07-03 15:51:48,910] {logging_mixin.py:115} INFO - [2022-07-03 15:51:48,910] {dag.py:2398} INFO - Creating ORM DAG for latest_only
[2022-07-03 15:51:48,918] {logging_mixin.py:115} INFO - [2022-07-03 15:51:48,918] {dag.py:2931} INFO - Setting next_dagrun for latest_only to 2022-07-03T11:51:48.918567+00:00, run_after=2022-07-03T15:51:48.918567+00:00
[2022-07-03 15:51:48,930] {processor.py:161} INFO - Processing /home/airflow/.local/lib/python3.7/site-packages/airflow/example_dags/example_latest_only.py took 0.104 seconds
[2022-07-03 15:52:19,758] {processor.py:153} INFO - Started process (PID=424) to work on /home/airflow/.local/lib/python3.7/site-packages/airflow/example_dags/example_latest_only.py
[2022-07-03 15:52:19,758] {processor.py:641} INFO - Processing file /home/airflow/.local/lib/python3.7/site-packages/airflow/example_dags/example_latest_only.py for tasks to queue
[2022-07-03 15:52:19,758] {logging_mixin.py:115} INFO - [2022-07-03 15:52:19,758] {dagbag.py:507} INFO - Filling up the DagBag from /home/airflow/.local/lib/python3.7/site-packages/airflow/example_dags/example_latest_only.py
[2022-07-03 15:52:19,761] {processor.py:651} INFO - DAG(s) dict_keys(['latest_only']) retrieved from /home/airflow/.local/lib/python3.7/site-packages/airflow/example_dags/example_latest_only.py
[2022-07-03 15:52:19,775] {logging_mixin.py:115} INFO - [2022-07-03 15:52:19,775] {dag.py:2379} INFO - Sync 1 DAGs
[2022-07-03 15:52:19,791] {logging_mixin.py:115} INFO - [2022-07-03 15:52:19,791] {dag.py:2931} INFO - Setting next_dagrun for latest_only to 2022-07-03T11:52:19.791184+00:00, run_after=2022-07-03T15:52:19.791184+00:00
[2022-07-03 15:52:19,800] {processor.py:161} INFO - Processing /home/airflow/.local/lib/python3.7/site-packages/airflow/example_dags/example_latest_only.py took 0.044 seconds
[2022-07-03 15:52:50,063] {processor.py:153} INFO - Started process (PID=639) to work on /home/airflow/.local/lib/python3.7/site-packages/airflow/example_dags/example_latest_only.py
[2022-07-03 15:52:50,063] {processor.py:641} INFO - Processing file /home/airflow/.local/lib/python3.7/site-packages/airflow/example_dags/example_latest_only.py for tasks to queue
[2022-07-03 15:52:50,063] {logging_mixin.py:115} INFO - [2022-07-03 15:52:50,063] {dagbag.py:507} INFO - Filling up the DagBag from /home/airflow/.local/lib/python3.7/site-packages/airflow/example_dags/example_latest_only.py
[2022-07-03 15:52:50,067] {processor.py:651} INFO - DAG(s) dict_keys(['latest_only']) retrieved from /home/airflow/.local/lib/python3.7/site-packages/airflow/example_dags/example_latest_only.py
[2022-07-03 15:52:50,085] {logging_mixin.py:115} INFO - [2022-07-03 15:52:50,085] {dag.py:2379} INFO - Sync 1 DAGs
[2022-07-03 15:52:50,107] {logging_mixin.py:115} INFO - [2022-07-03 15:52:50,107] {dag.py:2931} INFO - Setting next_dagrun for latest_only to 2022-07-03T11:52:50.107231+00:00, run_after=2022-07-03T15:52:50.107231+00:00
[2022-07-03 15:52:50,118] {processor.py:161} INFO - Processing /home/airflow/.local/lib/python3.7/site-packages/airflow/example_dags/example_latest_only.py took 0.057 seconds
[2022-07-03 15:53:20,427] {processor.py:153} INFO - Started process (PID=836) to work on /home/airflow/.local/lib/python3.7/site-packages/airflow/example_dags/example_latest_only.py
[2022-07-03 15:53:20,427] {processor.py:641} INFO - Processing file /home/airflow/.local/lib/python3.7/site-packages/airflow/example_dags/example_latest_only.py for tasks to queue
[2022-07-03 15:53:20,427] {logging_mixin.py:115} INFO - [2022-07-03 15:53:20,427] {dagbag.py:507} INFO - Filling up the DagBag from /home/airflow/.local/lib/python3.7/site-packages/airflow/example_dags/example_latest_only.py
[2022-07-03 15:53:20,430] {processor.py:651} INFO - DAG(s) dict_keys(['latest_only']) retrieved from /home/airflow/.local/lib/python3.7/site-packages/airflow/example_dags/example_latest_only.py
[2022-07-03 15:53:20,444] {logging_mixin.py:115} INFO - [2022-07-03 15:53:20,444] {dag.py:2379} INFO - Sync 1 DAGs
[2022-07-03 15:53:20,461] {logging_mixin.py:115} INFO - [2022-07-03 15:53:20,461] {dag.py:2931} INFO - Setting next_dagrun for latest_only to 2022-07-03T11:53:20.461693+00:00, run_after=2022-07-03T15:53:20.461693+00:00
[2022-07-03 15:53:20,471] {processor.py:161} INFO - Processing /home/airflow/.local/lib/python3.7/site-packages/airflow/example_dags/example_latest_only.py took 0.046 seconds
[2022-07-03 15:53:50,668] {processor.py:153} INFO - Started process (PID=1042) to work on /home/airflow/.local/lib/python3.7/site-packages/airflow/example_dags/example_latest_only.py
[2022-07-03 15:53:50,668] {processor.py:641} INFO - Processing file /home/airflow/.local/lib/python3.7/site-packages/airflow/example_dags/example_latest_only.py for tasks to queue
[2022-07-03 15:53:50,669] {logging_mixin.py:115} INFO - [2022-07-03 15:53:50,668] {dagbag.py:507} INFO - Filling up the DagBag from /home/airflow/.local/lib/python3.7/site-packages/airflow/example_dags/example_latest_only.py
[2022-07-03 15:53:50,671] {processor.py:651} INFO - DAG(s) dict_keys(['latest_only']) retrieved from /home/airflow/.local/lib/python3.7/site-packages/airflow/example_dags/example_latest_only.py
[2022-07-03 15:53:50,686] {logging_mixin.py:115} INFO - [2022-07-03 15:53:50,686] {dag.py:2379} INFO - Sync 1 DAGs
[2022-07-03 15:53:50,703] {logging_mixin.py:115} INFO - [2022-07-03 15:53:50,703] {dag.py:2931} INFO - Setting next_dagrun for latest_only to 2022-07-03T11:53:50.702933+00:00, run_after=2022-07-03T15:53:50.702933+00:00
[2022-07-03 15:53:50,712] {processor.py:161} INFO - Processing /home/airflow/.local/lib/python3.7/site-packages/airflow/example_dags/example_latest_only.py took 0.046 seconds
