[2022-07-04 16:58:49,059] {taskinstance.py:1159} INFO - Dependencies all met for <TaskInstance: my_python_operator.greet scheduled__2022-02-26T00:00:00+00:00 [queued]>
[2022-07-04 16:58:49,071] {taskinstance.py:1159} INFO - Dependencies all met for <TaskInstance: my_python_operator.greet scheduled__2022-02-26T00:00:00+00:00 [queued]>
[2022-07-04 16:58:49,071] {taskinstance.py:1356} INFO - 
--------------------------------------------------------------------------------
[2022-07-04 16:58:49,071] {taskinstance.py:1357} INFO - Starting attempt 1 of 6
[2022-07-04 16:58:49,071] {taskinstance.py:1358} INFO - 
--------------------------------------------------------------------------------
[2022-07-04 16:58:49,093] {taskinstance.py:1377} INFO - Executing <Task(PythonOperator): greet> on 2022-02-26 00:00:00+00:00
[2022-07-04 16:58:49,095] {standard_task_runner.py:52} INFO - Started process 2004 to run task
[2022-07-04 16:58:49,097] {standard_task_runner.py:79} INFO - Running: ['***', 'tasks', 'run', 'my_python_operator', 'greet', 'scheduled__2022-02-26T00:00:00+00:00', '--job-id', '257', '--raw', '--subdir', 'DAGS_FOLDER/my_python_operator_dag.py', '--cfg-path', '/tmp/tmpfby36bco', '--error-file', '/tmp/tmpl6vv__iz']
[2022-07-04 16:58:49,098] {standard_task_runner.py:80} INFO - Job 257: Subtask greet
[2022-07-04 16:58:49,151] {task_command.py:370} INFO - Running <TaskInstance: my_python_operator.greet scheduled__2022-02-26T00:00:00+00:00 [running]> on host a84f4c234c47
[2022-07-04 16:58:49,227] {taskinstance.py:1571} INFO - Exporting the following env vars:
AIRFLOW_CTX_DAG_OWNER=giang
AIRFLOW_CTX_DAG_ID=my_python_operator
AIRFLOW_CTX_TASK_ID=greet
AIRFLOW_CTX_EXECUTION_DATE=2022-02-26T00:00:00+00:00
AIRFLOW_CTX_TRY_NUMBER=1
AIRFLOW_CTX_DAG_RUN_ID=scheduled__2022-02-26T00:00:00+00:00
[2022-07-04 16:58:49,227] {logging_mixin.py:115} INFO - 232
[2022-07-04 16:58:49,227] {python.py:173} INFO - Done. Returned value was: None
[2022-07-04 16:58:49,236] {taskinstance.py:1400} INFO - Marking task as SUCCESS. dag_id=my_python_operator, task_id=greet, execution_date=20220226T000000, start_date=20220704T165849, end_date=20220704T165849
[2022-07-04 16:58:49,268] {local_task_job.py:156} INFO - Task exited with return code 0
[2022-07-04 16:58:49,293] {local_task_job.py:273} INFO - 0 downstream tasks scheduled from follow-on schedule check
