[2022-07-04 16:58:19,404] {taskinstance.py:1159} INFO - Dependencies all met for <TaskInstance: my_python_operator.greet scheduled__2022-01-18T00:00:00+00:00 [queued]>
[2022-07-04 16:58:19,413] {taskinstance.py:1159} INFO - Dependencies all met for <TaskInstance: my_python_operator.greet scheduled__2022-01-18T00:00:00+00:00 [queued]>
[2022-07-04 16:58:19,413] {taskinstance.py:1356} INFO - 
--------------------------------------------------------------------------------
[2022-07-04 16:58:19,413] {taskinstance.py:1357} INFO - Starting attempt 1 of 6
[2022-07-04 16:58:19,413] {taskinstance.py:1358} INFO - 
--------------------------------------------------------------------------------
[2022-07-04 16:58:19,428] {taskinstance.py:1377} INFO - Executing <Task(PythonOperator): greet> on 2022-01-18 00:00:00+00:00
[2022-07-04 16:58:19,432] {standard_task_runner.py:52} INFO - Started process 1888 to run task
[2022-07-04 16:58:19,433] {standard_task_runner.py:79} INFO - Running: ['***', 'tasks', 'run', 'my_python_operator', 'greet', 'scheduled__2022-01-18T00:00:00+00:00', '--job-id', '218', '--raw', '--subdir', 'DAGS_FOLDER/my_python_operator_dag.py', '--cfg-path', '/tmp/tmpw1m8_l9t', '--error-file', '/tmp/tmpzgx2y4jp']
[2022-07-04 16:58:19,434] {standard_task_runner.py:80} INFO - Job 218: Subtask greet
[2022-07-04 16:58:19,473] {task_command.py:370} INFO - Running <TaskInstance: my_python_operator.greet scheduled__2022-01-18T00:00:00+00:00 [running]> on host a84f4c234c47
[2022-07-04 16:58:19,532] {taskinstance.py:1571} INFO - Exporting the following env vars:
AIRFLOW_CTX_DAG_OWNER=giang
AIRFLOW_CTX_DAG_ID=my_python_operator
AIRFLOW_CTX_TASK_ID=greet
AIRFLOW_CTX_EXECUTION_DATE=2022-01-18T00:00:00+00:00
AIRFLOW_CTX_TRY_NUMBER=1
AIRFLOW_CTX_DAG_RUN_ID=scheduled__2022-01-18T00:00:00+00:00
[2022-07-04 16:58:19,532] {logging_mixin.py:115} INFO - 232
[2022-07-04 16:58:19,532] {python.py:173} INFO - Done. Returned value was: None
[2022-07-04 16:58:19,540] {taskinstance.py:1400} INFO - Marking task as SUCCESS. dag_id=my_python_operator, task_id=greet, execution_date=20220118T000000, start_date=20220704T165819, end_date=20220704T165819
[2022-07-04 16:58:19,565] {local_task_job.py:156} INFO - Task exited with return code 0
[2022-07-04 16:58:19,586] {local_task_job.py:273} INFO - 0 downstream tasks scheduled from follow-on schedule check
