[2022-07-04 19:00:13,210] {taskinstance.py:1159} INFO - Dependencies all met for <TaskInstance: dag_with_taskflow_api.set_multiple_name manual__2022-07-04T19:00:11.978127+00:00 [queued]>
[2022-07-04 19:00:13,216] {taskinstance.py:1159} INFO - Dependencies all met for <TaskInstance: dag_with_taskflow_api.set_multiple_name manual__2022-07-04T19:00:11.978127+00:00 [queued]>
[2022-07-04 19:00:13,216] {taskinstance.py:1356} INFO - 
--------------------------------------------------------------------------------
[2022-07-04 19:00:13,216] {taskinstance.py:1357} INFO - Starting attempt 1 of 6
[2022-07-04 19:00:13,216] {taskinstance.py:1358} INFO - 
--------------------------------------------------------------------------------
[2022-07-04 19:00:13,229] {taskinstance.py:1377} INFO - Executing <Task(_PythonDecoratedOperator): set_multiple_name> on 2022-07-04 19:00:11.978127+00:00
[2022-07-04 19:00:13,231] {standard_task_runner.py:52} INFO - Started process 11370 to run task
[2022-07-04 19:00:13,233] {standard_task_runner.py:79} INFO - Running: ['***', 'tasks', 'run', 'dag_with_taskflow_api', 'set_multiple_name', 'manual__2022-07-04T19:00:11.978127+00:00', '--job-id', '439', '--raw', '--subdir', 'DAGS_FOLDER/my_taskflow_api_dag.py', '--cfg-path', '/tmp/tmpxbxj3dq0', '--error-file', '/tmp/tmp1wgoo_ox']
[2022-07-04 19:00:13,234] {standard_task_runner.py:80} INFO - Job 439: Subtask set_multiple_name
[2022-07-04 19:00:13,269] {task_command.py:370} INFO - Running <TaskInstance: dag_with_taskflow_api.set_multiple_name manual__2022-07-04T19:00:11.978127+00:00 [running]> on host a84f4c234c47
[2022-07-04 19:00:13,324] {taskinstance.py:1571} INFO - Exporting the following env vars:
AIRFLOW_CTX_DAG_OWNER=giang
AIRFLOW_CTX_DAG_ID=dag_with_taskflow_api
AIRFLOW_CTX_TASK_ID=set_multiple_name
AIRFLOW_CTX_EXECUTION_DATE=2022-07-04T19:00:11.978127+00:00
AIRFLOW_CTX_TRY_NUMBER=1
AIRFLOW_CTX_DAG_RUN_ID=manual__2022-07-04T19:00:11.978127+00:00
[2022-07-04 19:00:13,324] {python.py:173} INFO - Done. Returned value was: {'first_name': 'nguyen', 'middle_name': 'truong', 'last_name': 'giang'}
[2022-07-04 19:00:13,370] {taskinstance.py:1400} INFO - Marking task as SUCCESS. dag_id=dag_with_taskflow_api, task_id=set_multiple_name, execution_date=20220704T190011, start_date=20220704T190013, end_date=20220704T190013
[2022-07-04 19:00:13,405] {local_task_job.py:156} INFO - Task exited with return code 0
[2022-07-04 19:00:13,433] {local_task_job.py:273} INFO - 1 downstream tasks scheduled from follow-on schedule check
