[2022-07-04 18:32:09,836] {taskinstance.py:1159} INFO - Dependencies all met for <TaskInstance: dag_with_taskflow_api.greet scheduled__2022-07-03T00:00:00+00:00 [queued]>
[2022-07-04 18:32:09,846] {taskinstance.py:1159} INFO - Dependencies all met for <TaskInstance: dag_with_taskflow_api.greet scheduled__2022-07-03T00:00:00+00:00 [queued]>
[2022-07-04 18:32:09,846] {taskinstance.py:1356} INFO - 
--------------------------------------------------------------------------------
[2022-07-04 18:32:09,846] {taskinstance.py:1357} INFO - Starting attempt 1 of 6
[2022-07-04 18:32:09,846] {taskinstance.py:1358} INFO - 
--------------------------------------------------------------------------------
[2022-07-04 18:32:09,861] {taskinstance.py:1377} INFO - Executing <Task(_PythonDecoratedOperator): greet> on 2022-07-03 00:00:00+00:00
[2022-07-04 18:32:09,864] {standard_task_runner.py:52} INFO - Started process 9064 to run task
[2022-07-04 18:32:09,866] {standard_task_runner.py:79} INFO - Running: ['***', 'tasks', 'run', 'dag_with_taskflow_api', 'greet', 'scheduled__2022-07-03T00:00:00+00:00', '--job-id', '436', '--raw', '--subdir', 'DAGS_FOLDER/my_taskflow_api_dag.py', '--cfg-path', '/tmp/tmpvgmh12q5', '--error-file', '/tmp/tmp5sktlstd']
[2022-07-04 18:32:09,867] {standard_task_runner.py:80} INFO - Job 436: Subtask greet
[2022-07-04 18:32:09,914] {task_command.py:370} INFO - Running <TaskInstance: dag_with_taskflow_api.greet scheduled__2022-07-03T00:00:00+00:00 [running]> on host a84f4c234c47
[2022-07-04 18:32:10,007] {taskinstance.py:1571} INFO - Exporting the following env vars:
AIRFLOW_CTX_DAG_OWNER=giang
AIRFLOW_CTX_DAG_ID=dag_with_taskflow_api
AIRFLOW_CTX_TASK_ID=greet
AIRFLOW_CTX_EXECUTION_DATE=2022-07-03T00:00:00+00:00
AIRFLOW_CTX_TRY_NUMBER=1
AIRFLOW_CTX_DAG_RUN_ID=scheduled__2022-07-03T00:00:00+00:00
[2022-07-04 18:32:10,008] {logging_mixin.py:115} INFO - My name is Giang. Im 22 years old
[2022-07-04 18:32:10,008] {python.py:173} INFO - Done. Returned value was: None
[2022-07-04 18:32:10,019] {taskinstance.py:1400} INFO - Marking task as SUCCESS. dag_id=dag_with_taskflow_api, task_id=greet, execution_date=20220703T000000, start_date=20220704T183209, end_date=20220704T183210
[2022-07-04 18:32:10,038] {local_task_job.py:156} INFO - Task exited with return code 0
[2022-07-04 18:32:10,071] {local_task_job.py:273} INFO - 0 downstream tasks scheduled from follow-on schedule check
