[2022-07-04 16:58:19,036] {taskinstance.py:1159} INFO - Dependencies all met for <TaskInstance: my_python_operator.greet manual__2022-07-04T16:58:18.689171+00:00 [queued]>
[2022-07-04 16:58:19,046] {taskinstance.py:1159} INFO - Dependencies all met for <TaskInstance: my_python_operator.greet manual__2022-07-04T16:58:18.689171+00:00 [queued]>
[2022-07-04 16:58:19,046] {taskinstance.py:1356} INFO - 
--------------------------------------------------------------------------------
[2022-07-04 16:58:19,046] {taskinstance.py:1357} INFO - Starting attempt 1 of 6
[2022-07-04 16:58:19,046] {taskinstance.py:1358} INFO - 
--------------------------------------------------------------------------------
[2022-07-04 16:58:19,066] {taskinstance.py:1377} INFO - Executing <Task(PythonOperator): greet> on 2022-07-04 16:58:18.689171+00:00
[2022-07-04 16:58:19,071] {standard_task_runner.py:52} INFO - Started process 1880 to run task
[2022-07-04 16:58:19,073] {standard_task_runner.py:79} INFO - Running: ['***', 'tasks', 'run', 'my_python_operator', 'greet', 'manual__2022-07-04T16:58:18.689171+00:00', '--job-id', '213', '--raw', '--subdir', 'DAGS_FOLDER/my_python_operator_dag.py', '--cfg-path', '/tmp/tmpmun7csfm', '--error-file', '/tmp/tmppbp3ukz1']
[2022-07-04 16:58:19,073] {standard_task_runner.py:80} INFO - Job 213: Subtask greet
[2022-07-04 16:58:19,123] {task_command.py:370} INFO - Running <TaskInstance: my_python_operator.greet manual__2022-07-04T16:58:18.689171+00:00 [running]> on host a84f4c234c47
[2022-07-04 16:58:19,204] {taskinstance.py:1571} INFO - Exporting the following env vars:
AIRFLOW_CTX_DAG_OWNER=giang
AIRFLOW_CTX_DAG_ID=my_python_operator
AIRFLOW_CTX_TASK_ID=greet
AIRFLOW_CTX_EXECUTION_DATE=2022-07-04T16:58:18.689171+00:00
AIRFLOW_CTX_TRY_NUMBER=1
AIRFLOW_CTX_DAG_RUN_ID=manual__2022-07-04T16:58:18.689171+00:00
[2022-07-04 16:58:19,204] {logging_mixin.py:115} INFO - 232
[2022-07-04 16:58:19,204] {python.py:173} INFO - Done. Returned value was: None
[2022-07-04 16:58:19,218] {taskinstance.py:1400} INFO - Marking task as SUCCESS. dag_id=my_python_operator, task_id=greet, execution_date=20220704T165818, start_date=20220704T165819, end_date=20220704T165819
[2022-07-04 16:58:19,244] {local_task_job.py:156} INFO - Task exited with return code 0
[2022-07-04 16:58:19,277] {local_task_job.py:273} INFO - 0 downstream tasks scheduled from follow-on schedule check
