[2022-07-04 18:32:08,602] {taskinstance.py:1159} INFO - Dependencies all met for <TaskInstance: dag_with_taskflow_api.get_age scheduled__2022-07-01T00:00:00+00:00 [queued]>
[2022-07-04 18:32:08,611] {taskinstance.py:1159} INFO - Dependencies all met for <TaskInstance: dag_with_taskflow_api.get_age scheduled__2022-07-01T00:00:00+00:00 [queued]>
[2022-07-04 18:32:08,612] {taskinstance.py:1356} INFO - 
--------------------------------------------------------------------------------
[2022-07-04 18:32:08,612] {taskinstance.py:1357} INFO - Starting attempt 1 of 6
[2022-07-04 18:32:08,612] {taskinstance.py:1358} INFO - 
--------------------------------------------------------------------------------
[2022-07-04 18:32:08,635] {taskinstance.py:1377} INFO - Executing <Task(_PythonDecoratedOperator): get_age> on 2022-07-01 00:00:00+00:00
[2022-07-04 18:32:08,639] {standard_task_runner.py:52} INFO - Started process 9055 to run task
[2022-07-04 18:32:08,642] {standard_task_runner.py:79} INFO - Running: ['***', 'tasks', 'run', 'dag_with_taskflow_api', 'get_age', 'scheduled__2022-07-01T00:00:00+00:00', '--job-id', '430', '--raw', '--subdir', 'DAGS_FOLDER/my_taskflow_api_dag.py', '--cfg-path', '/tmp/tmpsjpgg0t8', '--error-file', '/tmp/tmpc91u3s6_']
[2022-07-04 18:32:08,643] {standard_task_runner.py:80} INFO - Job 430: Subtask get_age
[2022-07-04 18:32:08,696] {task_command.py:370} INFO - Running <TaskInstance: dag_with_taskflow_api.get_age scheduled__2022-07-01T00:00:00+00:00 [running]> on host a84f4c234c47
[2022-07-04 18:32:08,778] {taskinstance.py:1571} INFO - Exporting the following env vars:
AIRFLOW_CTX_DAG_OWNER=giang
AIRFLOW_CTX_DAG_ID=dag_with_taskflow_api
AIRFLOW_CTX_TASK_ID=get_age
AIRFLOW_CTX_EXECUTION_DATE=2022-07-01T00:00:00+00:00
AIRFLOW_CTX_TRY_NUMBER=1
AIRFLOW_CTX_DAG_RUN_ID=scheduled__2022-07-01T00:00:00+00:00
[2022-07-04 18:32:08,778] {python.py:173} INFO - Done. Returned value was: 22
[2022-07-04 18:32:08,807] {taskinstance.py:1400} INFO - Marking task as SUCCESS. dag_id=dag_with_taskflow_api, task_id=get_age, execution_date=20220701T000000, start_date=20220704T183208, end_date=20220704T183208
[2022-07-04 18:32:08,853] {local_task_job.py:156} INFO - Task exited with return code 0
[2022-07-04 18:32:08,902] {local_task_job.py:273} INFO - 1 downstream tasks scheduled from follow-on schedule check
