[2022-07-04 16:59:25,846] {taskinstance.py:1159} INFO - Dependencies all met for <TaskInstance: my_python_operator.greet scheduled__2022-05-18T00:00:00+00:00 [queued]>
[2022-07-04 16:59:25,858] {taskinstance.py:1159} INFO - Dependencies all met for <TaskInstance: my_python_operator.greet scheduled__2022-05-18T00:00:00+00:00 [queued]>
[2022-07-04 16:59:25,858] {taskinstance.py:1356} INFO - 
--------------------------------------------------------------------------------
[2022-07-04 16:59:25,858] {taskinstance.py:1357} INFO - Starting attempt 1 of 6
[2022-07-04 16:59:25,858] {taskinstance.py:1358} INFO - 
--------------------------------------------------------------------------------
[2022-07-04 16:59:25,882] {taskinstance.py:1377} INFO - Executing <Task(PythonOperator): greet> on 2022-05-18 00:00:00+00:00
[2022-07-04 16:59:25,886] {standard_task_runner.py:52} INFO - Started process 2209 to run task
[2022-07-04 16:59:25,888] {standard_task_runner.py:79} INFO - Running: ['***', 'tasks', 'run', 'my_python_operator', 'greet', 'scheduled__2022-05-18T00:00:00+00:00', '--job-id', '338', '--raw', '--subdir', 'DAGS_FOLDER/my_python_operator_dag.py', '--cfg-path', '/tmp/tmp3mo08d_b', '--error-file', '/tmp/tmptne5kgpc']
[2022-07-04 16:59:25,889] {standard_task_runner.py:80} INFO - Job 338: Subtask greet
[2022-07-04 16:59:25,955] {task_command.py:370} INFO - Running <TaskInstance: my_python_operator.greet scheduled__2022-05-18T00:00:00+00:00 [running]> on host a84f4c234c47
[2022-07-04 16:59:26,066] {taskinstance.py:1571} INFO - Exporting the following env vars:
AIRFLOW_CTX_DAG_OWNER=giang
AIRFLOW_CTX_DAG_ID=my_python_operator
AIRFLOW_CTX_TASK_ID=greet
AIRFLOW_CTX_EXECUTION_DATE=2022-05-18T00:00:00+00:00
AIRFLOW_CTX_TRY_NUMBER=1
AIRFLOW_CTX_DAG_RUN_ID=scheduled__2022-05-18T00:00:00+00:00
[2022-07-04 16:59:26,067] {logging_mixin.py:115} INFO - 232
[2022-07-04 16:59:26,067] {python.py:173} INFO - Done. Returned value was: None
[2022-07-04 16:59:26,084] {taskinstance.py:1400} INFO - Marking task as SUCCESS. dag_id=my_python_operator, task_id=greet, execution_date=20220518T000000, start_date=20220704T165925, end_date=20220704T165926
[2022-07-04 16:59:26,140] {local_task_job.py:156} INFO - Task exited with return code 0
[2022-07-04 16:59:26,201] {local_task_job.py:273} INFO - 0 downstream tasks scheduled from follow-on schedule check
