[2022-07-04 17:06:44,818] {taskinstance.py:1159} INFO - Dependencies all met for <TaskInstance: my_python_operator.greet manual__2022-07-04T17:06:44.399289+00:00 [queued]>
[2022-07-04 17:06:44,825] {taskinstance.py:1159} INFO - Dependencies all met for <TaskInstance: my_python_operator.greet manual__2022-07-04T17:06:44.399289+00:00 [queued]>
[2022-07-04 17:06:44,825] {taskinstance.py:1356} INFO - 
--------------------------------------------------------------------------------
[2022-07-04 17:06:44,825] {taskinstance.py:1357} INFO - Starting attempt 1 of 6
[2022-07-04 17:06:44,825] {taskinstance.py:1358} INFO - 
--------------------------------------------------------------------------------
[2022-07-04 17:06:44,838] {taskinstance.py:1377} INFO - Executing <Task(PythonOperator): greet> on 2022-07-04 17:06:44.399289+00:00
[2022-07-04 17:06:44,841] {standard_task_runner.py:52} INFO - Started process 2877 to run task
[2022-07-04 17:06:44,842] {standard_task_runner.py:79} INFO - Running: ['***', 'tasks', 'run', 'my_python_operator', 'greet', 'manual__2022-07-04T17:06:44.399289+00:00', '--job-id', '391', '--raw', '--subdir', 'DAGS_FOLDER/my_python_operator_dag.py', '--cfg-path', '/tmp/tmpav181t4r', '--error-file', '/tmp/tmpqy5w2v7m']
[2022-07-04 17:06:44,843] {standard_task_runner.py:80} INFO - Job 391: Subtask greet
[2022-07-04 17:06:44,879] {task_command.py:370} INFO - Running <TaskInstance: my_python_operator.greet manual__2022-07-04T17:06:44.399289+00:00 [running]> on host a84f4c234c47
[2022-07-04 17:06:44,939] {taskinstance.py:1571} INFO - Exporting the following env vars:
AIRFLOW_CTX_DAG_OWNER=giang
AIRFLOW_CTX_DAG_ID=my_python_operator
AIRFLOW_CTX_TASK_ID=greet
AIRFLOW_CTX_EXECUTION_DATE=2022-07-04T17:06:44.399289+00:00
AIRFLOW_CTX_TRY_NUMBER=1
AIRFLOW_CTX_DAG_RUN_ID=manual__2022-07-04T17:06:44.399289+00:00
[2022-07-04 17:06:44,940] {logging_mixin.py:115} INFO - hello world
[2022-07-04 17:06:44,940] {python.py:173} INFO - Done. Returned value was: None
[2022-07-04 17:06:44,949] {taskinstance.py:1400} INFO - Marking task as SUCCESS. dag_id=my_python_operator, task_id=greet, execution_date=20220704T170644, start_date=20220704T170644, end_date=20220704T170644
[2022-07-04 17:06:44,974] {local_task_job.py:156} INFO - Task exited with return code 0
[2022-07-04 17:06:45,001] {local_task_job.py:273} INFO - 1 downstream tasks scheduled from follow-on schedule check
