[2022-07-03 16:21:55,381] {taskinstance.py:1159} INFO - Dependencies all met for <TaskInstance: my_bash_operator_dag.first_task scheduled__2022-05-25T00:00:00+00:00 [queued]>
[2022-07-03 16:21:55,389] {taskinstance.py:1159} INFO - Dependencies all met for <TaskInstance: my_bash_operator_dag.first_task scheduled__2022-05-25T00:00:00+00:00 [queued]>
[2022-07-03 16:21:55,389] {taskinstance.py:1356} INFO - 
--------------------------------------------------------------------------------
[2022-07-03 16:21:55,389] {taskinstance.py:1357} INFO - Starting attempt 1 of 1
[2022-07-03 16:21:55,389] {taskinstance.py:1358} INFO - 
--------------------------------------------------------------------------------
[2022-07-03 16:21:55,404] {taskinstance.py:1377} INFO - Executing <Task(BashOperator): first_task> on 2022-05-25 00:00:00+00:00
[2022-07-03 16:21:55,407] {standard_task_runner.py:52} INFO - Started process 2230 to run task
[2022-07-03 16:21:55,410] {standard_task_runner.py:79} INFO - Running: ['***', 'tasks', 'run', 'my_bash_operator_dag', 'first_task', 'scheduled__2022-05-25T00:00:00+00:00', '--job-id', '155', '--raw', '--subdir', 'DAGS_FOLDER/my_bash_operator_dag.py', '--cfg-path', '/tmp/tmpxo_0za9z', '--error-file', '/tmp/tmppblqh5sk']
[2022-07-03 16:21:55,411] {standard_task_runner.py:80} INFO - Job 155: Subtask first_task
[2022-07-03 16:21:55,458] {task_command.py:370} INFO - Running <TaskInstance: my_bash_operator_dag.first_task scheduled__2022-05-25T00:00:00+00:00 [running]> on host a84f4c234c47
[2022-07-03 16:21:55,539] {taskinstance.py:1571} INFO - Exporting the following env vars:
AIRFLOW_CTX_DAG_OWNER=***
AIRFLOW_CTX_DAG_ID=my_bash_operator_dag
AIRFLOW_CTX_TASK_ID=first_task
AIRFLOW_CTX_EXECUTION_DATE=2022-05-25T00:00:00+00:00
AIRFLOW_CTX_TRY_NUMBER=1
AIRFLOW_CTX_DAG_RUN_ID=scheduled__2022-05-25T00:00:00+00:00
[2022-07-03 16:21:55,539] {subprocess.py:62} INFO - Tmp dir root location: 
 /tmp
[2022-07-03 16:21:55,539] {subprocess.py:74} INFO - Running command: ['bash', '-c', 'echo hello world, this is a first task']
[2022-07-03 16:21:55,547] {subprocess.py:85} INFO - Output:
[2022-07-03 16:21:55,549] {subprocess.py:92} INFO - hello world, this is a first task
[2022-07-03 16:21:55,549] {subprocess.py:96} INFO - Command exited with return code 0
[2022-07-03 16:21:55,576] {taskinstance.py:1400} INFO - Marking task as SUCCESS. dag_id=my_bash_operator_dag, task_id=first_task, execution_date=20220525T000000, start_date=20220703T162155, end_date=20220703T162155
[2022-07-03 16:21:55,620] {local_task_job.py:156} INFO - Task exited with return code 0
[2022-07-03 16:21:55,662] {local_task_job.py:273} INFO - 0 downstream tasks scheduled from follow-on schedule check
