[2022-07-04 17:05:53,402] {taskinstance.py:1159} INFO - Dependencies all met for <TaskInstance: my_python_operator.greet manual__2022-07-04T17:05:52.173631+00:00 [queued]>
[2022-07-04 17:05:53,407] {taskinstance.py:1159} INFO - Dependencies all met for <TaskInstance: my_python_operator.greet manual__2022-07-04T17:05:52.173631+00:00 [queued]>
[2022-07-04 17:05:53,408] {taskinstance.py:1356} INFO - 
--------------------------------------------------------------------------------
[2022-07-04 17:05:53,408] {taskinstance.py:1357} INFO - Starting attempt 1 of 6
[2022-07-04 17:05:53,408] {taskinstance.py:1358} INFO - 
--------------------------------------------------------------------------------
[2022-07-04 17:05:53,420] {taskinstance.py:1377} INFO - Executing <Task(PythonOperator): greet> on 2022-07-04 17:05:52.173631+00:00
[2022-07-04 17:05:53,422] {standard_task_runner.py:52} INFO - Started process 2798 to run task
[2022-07-04 17:05:53,424] {standard_task_runner.py:79} INFO - Running: ['***', 'tasks', 'run', 'my_python_operator', 'greet', 'manual__2022-07-04T17:05:52.173631+00:00', '--job-id', '389', '--raw', '--subdir', 'DAGS_FOLDER/my_python_operator_dag.py', '--cfg-path', '/tmp/tmpi400wt_9', '--error-file', '/tmp/tmpbh3049ag']
[2022-07-04 17:05:53,425] {standard_task_runner.py:80} INFO - Job 389: Subtask greet
[2022-07-04 17:05:53,459] {task_command.py:370} INFO - Running <TaskInstance: my_python_operator.greet manual__2022-07-04T17:05:52.173631+00:00 [running]> on host a84f4c234c47
[2022-07-04 17:05:53,512] {taskinstance.py:1571} INFO - Exporting the following env vars:
AIRFLOW_CTX_DAG_OWNER=giang
AIRFLOW_CTX_DAG_ID=my_python_operator
AIRFLOW_CTX_TASK_ID=greet
AIRFLOW_CTX_EXECUTION_DATE=2022-07-04T17:05:52.173631+00:00
AIRFLOW_CTX_TRY_NUMBER=1
AIRFLOW_CTX_DAG_RUN_ID=manual__2022-07-04T17:05:52.173631+00:00
[2022-07-04 17:05:53,513] {logging_mixin.py:115} INFO - hello world
[2022-07-04 17:05:53,513] {python.py:173} INFO - Done. Returned value was: None
[2022-07-04 17:05:53,521] {taskinstance.py:1400} INFO - Marking task as SUCCESS. dag_id=my_python_operator, task_id=greet, execution_date=20220704T170552, start_date=20220704T170553, end_date=20220704T170553
[2022-07-04 17:05:53,556] {local_task_job.py:156} INFO - Task exited with return code 0
[2022-07-04 17:05:53,583] {local_task_job.py:273} INFO - 1 downstream tasks scheduled from follow-on schedule check
