[2022-07-04 18:03:45,009] {taskinstance.py:1159} INFO - Dependencies all met for <TaskInstance: my_python_operator.get_name manual__2022-07-04T18:03:44.144396+00:00 [queued]>
[2022-07-04 18:03:45,016] {taskinstance.py:1159} INFO - Dependencies all met for <TaskInstance: my_python_operator.get_name manual__2022-07-04T18:03:44.144396+00:00 [queued]>
[2022-07-04 18:03:45,016] {taskinstance.py:1356} INFO - 
--------------------------------------------------------------------------------
[2022-07-04 18:03:45,016] {taskinstance.py:1357} INFO - Starting attempt 1 of 6
[2022-07-04 18:03:45,016] {taskinstance.py:1358} INFO - 
--------------------------------------------------------------------------------
[2022-07-04 18:03:45,031] {taskinstance.py:1377} INFO - Executing <Task(PythonOperator): get_name> on 2022-07-04 18:03:44.144396+00:00
[2022-07-04 18:03:45,033] {standard_task_runner.py:52} INFO - Started process 6876 to run task
[2022-07-04 18:03:45,035] {standard_task_runner.py:79} INFO - Running: ['***', 'tasks', 'run', 'my_python_operator', 'get_name', 'manual__2022-07-04T18:03:44.144396+00:00', '--job-id', '407', '--raw', '--subdir', 'DAGS_FOLDER/my_python_operator_dag.py', '--cfg-path', '/tmp/tmpi4_i5fpi', '--error-file', '/tmp/tmpuf8sw8w4']
[2022-07-04 18:03:45,036] {standard_task_runner.py:80} INFO - Job 407: Subtask get_name
[2022-07-04 18:03:45,073] {task_command.py:370} INFO - Running <TaskInstance: my_python_operator.get_name manual__2022-07-04T18:03:44.144396+00:00 [running]> on host a84f4c234c47
[2022-07-04 18:03:45,130] {taskinstance.py:1571} INFO - Exporting the following env vars:
AIRFLOW_CTX_DAG_OWNER=giang
AIRFLOW_CTX_DAG_ID=my_python_operator
AIRFLOW_CTX_TASK_ID=get_name
AIRFLOW_CTX_EXECUTION_DATE=2022-07-04T18:03:44.144396+00:00
AIRFLOW_CTX_TRY_NUMBER=1
AIRFLOW_CTX_DAG_RUN_ID=manual__2022-07-04T18:03:44.144396+00:00
[2022-07-04 18:03:45,130] {python.py:173} INFO - Done. Returned value was: giang
[2022-07-04 18:03:45,151] {taskinstance.py:1400} INFO - Marking task as SUCCESS. dag_id=my_python_operator, task_id=get_name, execution_date=20220704T180344, start_date=20220704T180345, end_date=20220704T180345
[2022-07-04 18:03:45,167] {local_task_job.py:156} INFO - Task exited with return code 0
[2022-07-04 18:03:45,198] {local_task_job.py:273} INFO - 1 downstream tasks scheduled from follow-on schedule check
