[2022-07-04 16:59:28,714] {taskinstance.py:1159} INFO - Dependencies all met for <TaskInstance: my_python_operator.greet scheduled__2022-05-28T00:00:00+00:00 [queued]>
[2022-07-04 16:59:28,728] {taskinstance.py:1159} INFO - Dependencies all met for <TaskInstance: my_python_operator.greet scheduled__2022-05-28T00:00:00+00:00 [queued]>
[2022-07-04 16:59:28,728] {taskinstance.py:1356} INFO - 
--------------------------------------------------------------------------------
[2022-07-04 16:59:28,728] {taskinstance.py:1357} INFO - Starting attempt 1 of 6
[2022-07-04 16:59:28,728] {taskinstance.py:1358} INFO - 
--------------------------------------------------------------------------------
[2022-07-04 16:59:28,756] {taskinstance.py:1377} INFO - Executing <Task(PythonOperator): greet> on 2022-05-28 00:00:00+00:00
[2022-07-04 16:59:28,761] {standard_task_runner.py:52} INFO - Started process 2232 to run task
[2022-07-04 16:59:28,764] {standard_task_runner.py:79} INFO - Running: ['***', 'tasks', 'run', 'my_python_operator', 'greet', 'scheduled__2022-05-28T00:00:00+00:00', '--job-id', '348', '--raw', '--subdir', 'DAGS_FOLDER/my_python_operator_dag.py', '--cfg-path', '/tmp/tmptvhqx5zy', '--error-file', '/tmp/tmpht8n3az_']
[2022-07-04 16:59:28,765] {standard_task_runner.py:80} INFO - Job 348: Subtask greet
[2022-07-04 16:59:28,835] {task_command.py:370} INFO - Running <TaskInstance: my_python_operator.greet scheduled__2022-05-28T00:00:00+00:00 [running]> on host a84f4c234c47
[2022-07-04 16:59:28,919] {taskinstance.py:1571} INFO - Exporting the following env vars:
AIRFLOW_CTX_DAG_OWNER=giang
AIRFLOW_CTX_DAG_ID=my_python_operator
AIRFLOW_CTX_TASK_ID=greet
AIRFLOW_CTX_EXECUTION_DATE=2022-05-28T00:00:00+00:00
AIRFLOW_CTX_TRY_NUMBER=1
AIRFLOW_CTX_DAG_RUN_ID=scheduled__2022-05-28T00:00:00+00:00
[2022-07-04 16:59:28,919] {logging_mixin.py:115} INFO - 232
[2022-07-04 16:59:28,919] {python.py:173} INFO - Done. Returned value was: None
[2022-07-04 16:59:28,930] {taskinstance.py:1400} INFO - Marking task as SUCCESS. dag_id=my_python_operator, task_id=greet, execution_date=20220528T000000, start_date=20220704T165928, end_date=20220704T165928
[2022-07-04 16:59:28,976] {local_task_job.py:156} INFO - Task exited with return code 0
[2022-07-04 16:59:29,003] {local_task_job.py:273} INFO - 0 downstream tasks scheduled from follow-on schedule check
