[2022-07-04 19:00:14,359] {taskinstance.py:1159} INFO - Dependencies all met for <TaskInstance: dag_with_taskflow_api.get_multiple_name manual__2022-07-04T19:00:11.978127+00:00 [queued]>
[2022-07-04 19:00:14,364] {taskinstance.py:1159} INFO - Dependencies all met for <TaskInstance: dag_with_taskflow_api.get_multiple_name manual__2022-07-04T19:00:11.978127+00:00 [queued]>
[2022-07-04 19:00:14,364] {taskinstance.py:1356} INFO - 
--------------------------------------------------------------------------------
[2022-07-04 19:00:14,364] {taskinstance.py:1357} INFO - Starting attempt 1 of 6
[2022-07-04 19:00:14,364] {taskinstance.py:1358} INFO - 
--------------------------------------------------------------------------------
[2022-07-04 19:00:14,375] {taskinstance.py:1377} INFO - Executing <Task(_PythonDecoratedOperator): get_multiple_name> on 2022-07-04 19:00:11.978127+00:00
[2022-07-04 19:00:14,377] {standard_task_runner.py:52} INFO - Started process 11372 to run task
[2022-07-04 19:00:14,379] {standard_task_runner.py:79} INFO - Running: ['***', 'tasks', 'run', 'dag_with_taskflow_api', 'get_multiple_name', 'manual__2022-07-04T19:00:11.978127+00:00', '--job-id', '440', '--raw', '--subdir', 'DAGS_FOLDER/my_taskflow_api_dag.py', '--cfg-path', '/tmp/tmpgbq5a2na', '--error-file', '/tmp/tmpev7pqhfj']
[2022-07-04 19:00:14,379] {standard_task_runner.py:80} INFO - Job 440: Subtask get_multiple_name
[2022-07-04 19:00:14,423] {task_command.py:370} INFO - Running <TaskInstance: dag_with_taskflow_api.get_multiple_name manual__2022-07-04T19:00:11.978127+00:00 [running]> on host a84f4c234c47
[2022-07-04 19:00:14,487] {taskinstance.py:1571} INFO - Exporting the following env vars:
AIRFLOW_CTX_DAG_OWNER=giang
AIRFLOW_CTX_DAG_ID=dag_with_taskflow_api
AIRFLOW_CTX_TASK_ID=get_multiple_name
AIRFLOW_CTX_EXECUTION_DATE=2022-07-04T19:00:11.978127+00:00
AIRFLOW_CTX_TRY_NUMBER=1
AIRFLOW_CTX_DAG_RUN_ID=manual__2022-07-04T19:00:11.978127+00:00
[2022-07-04 19:00:14,487] {python.py:173} INFO - Done. Returned value was: 
            First Name: nguyen
            Middle Name: truong
            Last Name: giang
        
[2022-07-04 19:00:14,521] {taskinstance.py:1400} INFO - Marking task as SUCCESS. dag_id=dag_with_taskflow_api, task_id=get_multiple_name, execution_date=20220704T190011, start_date=20220704T190014, end_date=20220704T190014
[2022-07-04 19:00:14,550] {local_task_job.py:156} INFO - Task exited with return code 0
[2022-07-04 19:00:14,571] {local_task_job.py:273} INFO - 0 downstream tasks scheduled from follow-on schedule check
