[2022-07-03 16:21:47,859] {taskinstance.py:1159} INFO - Dependencies all met for <TaskInstance: my_bash_operator_dag.first_task scheduled__2022-05-05T00:00:00+00:00 [queued]>
[2022-07-03 16:21:47,866] {taskinstance.py:1159} INFO - Dependencies all met for <TaskInstance: my_bash_operator_dag.first_task scheduled__2022-05-05T00:00:00+00:00 [queued]>
[2022-07-03 16:21:47,867] {taskinstance.py:1356} INFO - 
--------------------------------------------------------------------------------
[2022-07-03 16:21:47,867] {taskinstance.py:1357} INFO - Starting attempt 1 of 1
[2022-07-03 16:21:47,867] {taskinstance.py:1358} INFO - 
--------------------------------------------------------------------------------
[2022-07-03 16:21:47,882] {taskinstance.py:1377} INFO - Executing <Task(BashOperator): first_task> on 2022-05-05 00:00:00+00:00
[2022-07-03 16:21:47,886] {standard_task_runner.py:52} INFO - Started process 2161 to run task
[2022-07-03 16:21:47,888] {standard_task_runner.py:79} INFO - Running: ['***', 'tasks', 'run', 'my_bash_operator_dag', 'first_task', 'scheduled__2022-05-05T00:00:00+00:00', '--job-id', '135', '--raw', '--subdir', 'DAGS_FOLDER/my_bash_operator_dag.py', '--cfg-path', '/tmp/tmpnh33byv3', '--error-file', '/tmp/tmp_x3ruq2z']
[2022-07-03 16:21:47,889] {standard_task_runner.py:80} INFO - Job 135: Subtask first_task
[2022-07-03 16:21:47,934] {task_command.py:370} INFO - Running <TaskInstance: my_bash_operator_dag.first_task scheduled__2022-05-05T00:00:00+00:00 [running]> on host a84f4c234c47
[2022-07-03 16:21:48,016] {taskinstance.py:1571} INFO - Exporting the following env vars:
AIRFLOW_CTX_DAG_OWNER=***
AIRFLOW_CTX_DAG_ID=my_bash_operator_dag
AIRFLOW_CTX_TASK_ID=first_task
AIRFLOW_CTX_EXECUTION_DATE=2022-05-05T00:00:00+00:00
AIRFLOW_CTX_TRY_NUMBER=1
AIRFLOW_CTX_DAG_RUN_ID=scheduled__2022-05-05T00:00:00+00:00
[2022-07-03 16:21:48,017] {subprocess.py:62} INFO - Tmp dir root location: 
 /tmp
[2022-07-03 16:21:48,017] {subprocess.py:74} INFO - Running command: ['bash', '-c', 'echo hello world, this is a first task']
[2022-07-03 16:21:48,025] {subprocess.py:85} INFO - Output:
[2022-07-03 16:21:48,027] {subprocess.py:92} INFO - hello world, this is a first task
[2022-07-03 16:21:48,027] {subprocess.py:96} INFO - Command exited with return code 0
[2022-07-03 16:21:48,057] {taskinstance.py:1400} INFO - Marking task as SUCCESS. dag_id=my_bash_operator_dag, task_id=first_task, execution_date=20220505T000000, start_date=20220703T162147, end_date=20220703T162148
[2022-07-03 16:21:48,100] {local_task_job.py:156} INFO - Task exited with return code 0
[2022-07-03 16:21:48,132] {local_task_job.py:273} INFO - 0 downstream tasks scheduled from follow-on schedule check
