[2022-07-03 15:53:29,571] {taskinstance.py:1159} INFO - Dependencies all met for <TaskInstance: example_bash_operator.runme_1 manual__2022-07-03T15:53:28.950419+00:00 [queued]>
[2022-07-03 15:53:29,583] {taskinstance.py:1159} INFO - Dependencies all met for <TaskInstance: example_bash_operator.runme_1 manual__2022-07-03T15:53:28.950419+00:00 [queued]>
[2022-07-03 15:53:29,583] {taskinstance.py:1356} INFO - 
--------------------------------------------------------------------------------
[2022-07-03 15:53:29,584] {taskinstance.py:1357} INFO - Starting attempt 1 of 1
[2022-07-03 15:53:29,584] {taskinstance.py:1358} INFO - 
--------------------------------------------------------------------------------
[2022-07-03 15:53:29,603] {taskinstance.py:1377} INFO - Executing <Task(BashOperator): runme_1> on 2022-07-03 15:53:28.950419+00:00
[2022-07-03 15:53:29,607] {standard_task_runner.py:52} INFO - Started process 962 to run task
[2022-07-03 15:53:29,610] {standard_task_runner.py:79} INFO - Running: ['***', 'tasks', 'run', 'example_bash_operator', 'runme_1', 'manual__2022-07-03T15:53:28.950419+00:00', '--job-id', '13', '--raw', '--subdir', '/home/***/.local/lib/python3.7/site-packages/***/example_dags/example_bash_operator.py', '--cfg-path', '/tmp/tmpvepo9phg', '--error-file', '/tmp/tmp8njt6ex0']
[2022-07-03 15:53:29,611] {standard_task_runner.py:80} INFO - Job 13: Subtask runme_1
[2022-07-03 15:53:29,673] {task_command.py:370} INFO - Running <TaskInstance: example_bash_operator.runme_1 manual__2022-07-03T15:53:28.950419+00:00 [running]> on host 38efcbb4a972
[2022-07-03 15:53:29,870] {taskinstance.py:1571} INFO - Exporting the following env vars:
AIRFLOW_CTX_DAG_OWNER=***
AIRFLOW_CTX_DAG_ID=example_bash_operator
AIRFLOW_CTX_TASK_ID=runme_1
AIRFLOW_CTX_EXECUTION_DATE=2022-07-03T15:53:28.950419+00:00
AIRFLOW_CTX_TRY_NUMBER=1
AIRFLOW_CTX_DAG_RUN_ID=manual__2022-07-03T15:53:28.950419+00:00
[2022-07-03 15:53:29,871] {subprocess.py:62} INFO - Tmp dir root location: 
 /tmp
[2022-07-03 15:53:29,871] {subprocess.py:74} INFO - Running command: ['bash', '-c', 'echo "example_bash_operator__runme_1__20220703" && sleep 1']
[2022-07-03 15:53:29,879] {subprocess.py:85} INFO - Output:
[2022-07-03 15:53:29,880] {subprocess.py:92} INFO - example_bash_operator__runme_1__20220703
[2022-07-03 15:53:30,882] {subprocess.py:96} INFO - Command exited with return code 0
[2022-07-03 15:53:30,909] {taskinstance.py:1400} INFO - Marking task as SUCCESS. dag_id=example_bash_operator, task_id=runme_1, execution_date=20220703T155328, start_date=20220703T155329, end_date=20220703T155330
[2022-07-03 15:53:30,944] {local_task_job.py:156} INFO - Task exited with return code 0
[2022-07-03 15:53:30,976] {local_task_job.py:273} INFO - 1 downstream tasks scheduled from follow-on schedule check
